TN:
SF:C:\Users\arussell\Documents\Repos\NMDS\server\sendEmail.js
FN:83,(anonymous_0)
FNF:1
FNH:0
FNDA:0,(anonymous_0)
DA:4,0
DA:5,0
DA:8,0
DA:9,0
DA:10,0
DA:13,0
DA:48,0
DA:83,0
DA:84,0
DA:85,0
DA:87,0
DA:89,0
DA:93,0
LF:13
LH:0
BRF:0
BRH:0
end_of_record
TN:
SF:C:\Users\arussell\Documents\Repos\NMDS\server\aws\kinesis.js
FN:7,(anonymous_0)
FN:16,(anonymous_1)
FN:44,(anonymous_2)
FN:77,(anonymous_3)
FNF:4
FNH:0
FNDA:0,(anonymous_0)
FNDA:0,(anonymous_1)
FNDA:0,(anonymous_2)
FNDA:0,(anonymous_3)
DA:1,0
DA:2,0
DA:3,0
DA:5,0
DA:7,0
DA:8,0
DA:14,0
DA:16,0
DA:17,0
DA:18,0
DA:19,0
DA:21,0
DA:26,0
DA:34,0
DA:35,0
DA:40,0
DA:44,0
DA:45,0
DA:46,0
DA:47,0
DA:49,0
DA:55,0
DA:57,0
DA:58,0
DA:59,0
DA:61,0
DA:67,0
DA:68,0
DA:73,0
DA:77,0
DA:78,0
DA:79,0
DA:80,0
DA:82,0
DA:90,0
DA:96,0
DA:97,0
DA:102,0
DA:106,0
DA:107,0
DA:108,0
DA:109,0
DA:110,0
DA:111,0
DA:112,0
LF:45
LH:0
BRDA:17,0,0,0
BRDA:17,0,1,0
BRDA:18,1,0,0
BRDA:18,1,1,0
BRDA:19,2,0,0
BRDA:19,2,1,0
BRDA:45,3,0,0
BRDA:45,3,1,0
BRDA:46,4,0,0
BRDA:46,4,1,0
BRDA:47,5,0,0
BRDA:47,5,1,0
BRDA:78,6,0,0
BRDA:78,6,1,0
BRDA:79,7,0,0
BRDA:79,7,1,0
BRDA:80,8,0,0
BRDA:80,8,1,0
BRF:18
BRH:0
end_of_record
TN:
SF:C:\Users\arussell\Documents\Repos\NMDS\server\aws\secrets.js
FN:5,(anonymous_0)
FN:39,(anonymous_1)
FN:43,(anonymous_2)
FN:55,(anonymous_3)
FN:67,(anonymous_4)
FN:79,(anonymous_5)
FN:91,(anonymous_6)
FN:103,(anonymous_7)
FN:115,(anonymous_8)
FN:126,(anonymous_9)
FN:137,(anonymous_10)
FNF:11
FNH:0
FNDA:0,(anonymous_0)
FNDA:0,(anonymous_1)
FNDA:0,(anonymous_2)
FNDA:0,(anonymous_3)
FNDA:0,(anonymous_4)
FNDA:0,(anonymous_5)
FNDA:0,(anonymous_6)
FNDA:0,(anonymous_7)
FNDA:0,(anonymous_8)
FNDA:0,(anonymous_9)
FNDA:0,(anonymous_10)
DA:1,0
DA:3,0
DA:5,0
DA:6,0
DA:10,0
DA:11,0
DA:13,0
DA:14,0
DA:15,0
DA:17,0
DA:18,0
DA:21,0
DA:35,0
DA:39,0
DA:40,0
DA:43,0
DA:44,0
DA:45,0
DA:46,0
DA:48,0
DA:51,0
DA:55,0
DA:56,0
DA:57,0
DA:58,0
DA:60,0
DA:63,0
DA:67,0
DA:68,0
DA:69,0
DA:70,0
DA:72,0
DA:75,0
DA:79,0
DA:80,0
DA:81,0
DA:82,0
DA:84,0
DA:87,0
DA:91,0
DA:92,0
DA:93,0
DA:94,0
DA:96,0
DA:99,0
DA:103,0
DA:104,0
DA:105,0
DA:106,0
DA:108,0
DA:111,0
DA:115,0
DA:116,0
DA:117,0
DA:118,0
DA:120,0
DA:123,0
DA:126,0
DA:127,0
DA:128,0
DA:129,0
DA:131,0
DA:134,0
DA:137,0
DA:138,0
DA:139,0
DA:140,0
DA:142,0
DA:145,0
DA:150,0
DA:151,0
DA:152,0
DA:153,0
DA:154,0
DA:155,0
DA:156,0
DA:157,0
DA:158,0
DA:159,0
LF:79
LH:0
BRDA:11,0,0,0
BRDA:11,0,1,0
BRDA:14,1,0,0
BRDA:14,1,1,0
BRDA:17,2,0,0
BRDA:17,2,1,0
BRDA:44,3,0,0
BRDA:44,3,1,0
BRDA:45,4,0,0
BRDA:45,4,1,0
BRDA:56,5,0,0
BRDA:56,5,1,0
BRDA:57,6,0,0
BRDA:57,6,1,0
BRDA:68,7,0,0
BRDA:68,7,1,0
BRDA:69,8,0,0
BRDA:69,8,1,0
BRDA:80,9,0,0
BRDA:80,9,1,0
BRDA:81,10,0,0
BRDA:81,10,1,0
BRDA:92,11,0,0
BRDA:92,11,1,0
BRDA:93,12,0,0
BRDA:93,12,1,0
BRDA:104,13,0,0
BRDA:104,13,1,0
BRDA:105,14,0,0
BRDA:105,14,1,0
BRDA:116,15,0,0
BRDA:116,15,1,0
BRDA:117,16,0,0
BRDA:117,16,1,0
BRDA:127,17,0,0
BRDA:127,17,1,0
BRDA:128,18,0,0
BRDA:128,18,1,0
BRDA:138,19,0,0
BRDA:138,19,1,0
BRDA:139,20,0,0
BRDA:139,20,1,0
BRF:42
BRH:0
end_of_record
TN:
SF:C:\Users\arussell\Documents\Repos\NMDS\server\aws\sns.js
FN:6,(anonymous_0)
FN:15,(anonymous_1)
FN:36,(anonymous_2)
FNF:3
FNH:0
FNDA:0,(anonymous_0)
FNDA:0,(anonymous_1)
FNDA:0,(anonymous_2)
DA:1,0
DA:2,0
DA:4,0
DA:6,0
DA:7,0
DA:15,0
DA:16,0
DA:17,0
DA:21,0
DA:26,0
DA:27,0
DA:32,0
DA:36,0
DA:37,0
DA:38,0
DA:42,0
DA:47,0
DA:48,0
DA:53,0
DA:57,0
DA:58,0
DA:59,0
LF:22
LH:0
BRDA:16,0,0,0
BRDA:16,0,1,0
BRDA:17,1,0,0
BRDA:17,1,1,0
BRDA:37,2,0,0
BRDA:37,2,1,0
BRDA:38,3,0,0
BRDA:38,3,1,0
BRF:8
BRH:0
end_of_record
TN:
SF:C:\Users\arussell\Documents\Repos\NMDS\server\config\appConfig.js
FN:7,(anonymous_0)
FN:12,(anonymous_1)
FN:16,(anonymous_2)
FN:20,(anonymous_3)
FNF:4
FNH:0
FNDA:0,(anonymous_0)
FNDA:0,(anonymous_1)
FNDA:0,(anonymous_2)
FNDA:0,(anonymous_3)
DA:4,0
DA:8,0
DA:9,0
DA:13,0
DA:17,0
DA:21,0
DA:24,0
DA:26,0
LF:8
LH:0
BRF:0
BRH:0
end_of_record
TN:
SF:C:\Users\arussell\Documents\Repos\NMDS\server\config\config.js
FN:169,check
FN:178,check
FN:186,check
FN:252,check
FN:425,(anonymous_4)
FNF:5
FNH:0
FNDA:0,check
FNDA:0,check
FNDA:0,check
FNDA:0,check
FNDA:0,(anonymous_4)
DA:2,0
DA:3,0
DA:4,0
DA:7,0
DA:9,0
DA:12,0
DA:170,0
DA:171,0
DA:179,0
DA:180,0
DA:187,0
DA:188,0
DA:253,0
DA:406,0
DA:408,0
DA:409,0
DA:412,0
DA:413,0
DA:416,0
DA:421,0
DA:422,0
DA:427,0
DA:428,0
DA:429,0
DA:430,0
DA:431,0
DA:434,0
DA:435,0
DA:436,0
DA:439,0
DA:441,0
DA:442,0
DA:446,0
DA:449,0
LF:34
LH:0
BRDA:171,0,0,0
BRDA:171,0,1,0
BRDA:180,1,0,0
BRDA:180,1,1,0
BRDA:188,2,0,0
BRDA:188,2,1,0
BRDA:253,3,0,0
BRDA:253,3,1,0
BRDA:421,4,0,0
BRDA:421,4,1,0
BRF:10
BRH:0
end_of_record
TN:
SF:C:\Users\arussell\Documents\Repos\NMDS\server\coverage\lcov-report\block-navigation.js
FN:2,init
FN:24,toggleClass
FN:31,makeCurrent
FN:41,goToPrevious
FN:52,goToNext
FN:65,jump
FNF:6
FNH:0
FNDA:0,init
FNDA:0,toggleClass
FNDA:0,makeCurrent
FNDA:0,goToPrevious
FNDA:0,goToNext
FNDA:0,jump
DA:2,0
DA:4,0
DA:7,0
DA:10,0
DA:14,0
DA:20,0
DA:25,0
DA:28,0
DA:32,0
DA:33,0
DA:34,0
DA:42,0
DA:43,0
DA:44,0
DA:45,0
DA:46,0
DA:49,0
DA:53,0
DA:55,0
DA:59,0
DA:62,0
DA:65,0
DA:66,0
DA:69,0
DA:70,0
DA:74,0
DA:75,0
DA:79,0
LF:28
LH:0
BRDA:43,0,0,0
BRDA:43,0,1,0
BRDA:43,1,0,0
BRDA:43,1,1,0
BRDA:45,2,0,0
BRDA:45,2,1,0
BRDA:55,3,0,0
BRDA:55,3,1,0
BRDA:56,4,0,0
BRDA:56,4,1,0
BRDA:66,5,0,0
BRDA:66,5,1,0
BRDA:66,5,2,0
BRDA:66,5,3,0
BRDA:66,5,4,0
BRF:15
BRH:0
end_of_record
TN:
SF:C:\Users\arussell\Documents\Repos\NMDS\server\coverage\lcov-report\prettify.js
FN:2,(anonymous_0)
FN:2,k
FN:2,ab
FN:2,T
FN:2,X
FN:2,(anonymous_5)
FN:2,W
FN:2,(anonymous_7)
FN:2,a
FN:2,aa
FN:2,B
FN:2,o
FN:2,g
FN:2,(anonymous_13)
FN:2,(anonymous_14)
FN:2,i
FN:2,Q
FN:2,ae
FN:2,ad
FN:2,ai
FN:2,D
FN:2,c
FN:2,q
FN:2,d
FN:2,y
FN:2,b
FN:2,Y
FN:2,(anonymous_27)
FN:2,U
FNF:29
FNH:0
FNDA:0,(anonymous_0)
FNDA:0,k
FNDA:0,ab
FNDA:0,T
FNDA:0,X
FNDA:0,(anonymous_5)
FNDA:0,W
FNDA:0,(anonymous_7)
FNDA:0,a
FNDA:0,aa
FNDA:0,B
FNDA:0,o
FNDA:0,g
FNDA:0,(anonymous_13)
FNDA:0,(anonymous_14)
FNDA:0,i
FNDA:0,Q
FNDA:0,ae
FNDA:0,ad
FNDA:0,ai
FNDA:0,D
FNDA:0,c
FNDA:0,q
FNDA:0,d
FNDA:0,y
FNDA:0,b
FNDA:0,Y
FNDA:0,(anonymous_27)
FNDA:0,U
DA:2,0
LF:1
LH:0
BRDA:2,0,0,0
BRDA:2,0,1,0
BRDA:2,1,0,0
BRDA:2,1,1,0
BRDA:2,2,0,0
BRDA:2,2,1,0
BRDA:2,3,0,0
BRDA:2,3,1,0
BRDA:2,4,0,0
BRDA:2,4,1,0
BRDA:2,5,0,0
BRDA:2,5,1,0
BRDA:2,6,0,0
BRDA:2,6,1,0
BRDA:2,7,0,0
BRDA:2,7,1,0
BRDA:2,8,0,0
BRDA:2,8,1,0
BRDA:2,9,0,0
BRDA:2,9,1,0
BRDA:2,10,0,0
BRDA:2,10,1,0
BRDA:2,11,0,0
BRDA:2,11,1,0
BRDA:2,11,2,0
BRDA:2,11,3,0
BRDA:2,12,0,0
BRDA:2,12,1,0
BRDA:2,13,0,0
BRDA:2,13,1,0
BRDA:2,14,0,0
BRDA:2,14,1,0
BRDA:2,15,0,0
BRDA:2,15,1,0
BRDA:2,16,0,0
BRDA:2,16,1,0
BRDA:2,17,0,0
BRDA:2,17,1,0
BRDA:2,18,0,0
BRDA:2,18,1,0
BRDA:2,19,0,0
BRDA:2,19,1,0
BRDA:2,20,0,0
BRDA:2,20,1,0
BRDA:2,21,0,0
BRDA:2,21,1,0
BRDA:2,22,0,0
BRDA:2,22,1,0
BRDA:2,23,0,0
BRDA:2,23,1,0
BRDA:2,24,0,0
BRDA:2,24,1,0
BRDA:2,25,0,0
BRDA:2,25,1,0
BRDA:2,26,0,0
BRDA:2,26,1,0
BRDA:2,27,0,0
BRDA:2,27,1,0
BRDA:2,28,0,0
BRDA:2,28,1,0
BRDA:2,29,0,0
BRDA:2,29,1,0
BRDA:2,30,0,0
BRDA:2,30,1,0
BRDA:2,31,0,0
BRDA:2,31,1,0
BRDA:2,32,0,0
BRDA:2,32,1,0
BRDA:2,33,0,0
BRDA:2,33,1,0
BRDA:2,34,0,0
BRDA:2,34,1,0
BRDA:2,35,0,0
BRDA:2,35,1,0
BRDA:2,36,0,0
BRDA:2,36,1,0
BRDA:2,37,0,0
BRDA:2,37,1,0
BRDA:2,38,0,0
BRDA:2,38,1,0
BRDA:2,39,0,0
BRDA:2,39,1,0
BRDA:2,40,0,0
BRDA:2,40,1,0
BRDA:2,41,0,0
BRDA:2,41,1,0
BRDA:2,42,0,0
BRDA:2,42,1,0
BRDA:2,43,0,0
BRDA:2,43,1,0
BRDA:2,44,0,0
BRDA:2,44,1,0
BRDA:2,45,0,0
BRDA:2,45,1,0
BRDA:2,46,0,0
BRDA:2,46,1,0
BRDA:2,47,0,0
BRDA:2,47,1,0
BRDA:2,48,0,0
BRDA:2,48,1,0
BRDA:2,49,0,0
BRDA:2,49,1,0
BRDA:2,50,0,0
BRDA:2,50,1,0
BRDA:2,50,2,0
BRDA:2,51,0,0
BRDA:2,51,1,0
BRDA:2,52,0,0
BRDA:2,52,1,0
BRDA:2,53,0,0
BRDA:2,53,1,0
BRDA:2,54,0,0
BRDA:2,54,1,0
BRDA:2,55,0,0
BRDA:2,55,1,0
BRDA:2,56,0,0
BRDA:2,56,1,0
BRDA:2,57,0,0
BRDA:2,57,1,0
BRDA:2,58,0,0
BRDA:2,58,1,0
BRDA:2,59,0,0
BRDA:2,59,1,0
BRDA:2,60,0,0
BRDA:2,60,1,0
BRDA:2,61,0,0
BRDA:2,61,1,0
BRDA:2,62,0,0
BRDA:2,62,1,0
BRDA:2,63,0,0
BRDA:2,63,1,0
BRDA:2,64,0,0
BRDA:2,64,1,0
BRDA:2,65,0,0
BRDA:2,65,1,0
BRDA:2,66,0,0
BRDA:2,66,1,0
BRDA:2,67,0,0
BRDA:2,67,1,0
BRDA:2,68,0,0
BRDA:2,68,1,0
BRDA:2,69,0,0
BRDA:2,69,1,0
BRDA:2,70,0,0
BRDA:2,70,1,0
BRDA:2,71,0,0
BRDA:2,71,1,0
BRDA:2,72,0,0
BRDA:2,72,1,0
BRDA:2,73,0,0
BRDA:2,73,1,0
BRDA:2,74,0,0
BRDA:2,74,1,0
BRDA:2,75,0,0
BRDA:2,75,1,0
BRDA:2,76,0,0
BRDA:2,76,1,0
BRDA:2,77,0,0
BRDA:2,77,1,0
BRDA:2,78,0,0
BRDA:2,78,1,0
BRDA:2,79,0,0
BRDA:2,79,1,0
BRDA:2,80,0,0
BRDA:2,80,1,0
BRDA:2,81,0,0
BRDA:2,81,1,0
BRDA:2,82,0,0
BRDA:2,82,1,0
BRDA:2,83,0,0
BRDA:2,83,1,0
BRDA:2,84,0,0
BRDA:2,84,1,0
BRDA:2,85,0,0
BRDA:2,85,1,0
BRDA:2,86,0,0
BRDA:2,86,1,0
BRDA:2,87,0,0
BRDA:2,87,1,0
BRDA:2,88,0,0
BRDA:2,88,1,0
BRDA:2,89,0,0
BRDA:2,89,1,0
BRDA:2,89,2,0
BRDA:2,90,0,0
BRDA:2,90,1,0
BRDA:2,91,0,0
BRDA:2,91,1,0
BRDA:2,92,0,0
BRDA:2,92,1,0
BRDA:2,93,0,0
BRDA:2,93,1,0
BRDA:2,94,0,0
BRDA:2,94,1,0
BRDA:2,95,0,0
BRDA:2,95,1,0
BRDA:2,96,0,0
BRDA:2,96,1,0
BRDA:2,97,0,0
BRDA:2,97,1,0
BRDA:2,98,0,0
BRDA:2,98,1,0
BRDA:2,99,0,0
BRDA:2,99,1,0
BRDA:2,100,0,0
BRDA:2,100,1,0
BRDA:2,101,0,0
BRDA:2,101,1,0
BRDA:2,102,0,0
BRDA:2,102,1,0
BRDA:2,103,0,0
BRDA:2,103,1,0
BRDA:2,104,0,0
BRDA:2,104,1,0
BRDA:2,105,0,0
BRDA:2,105,1,0
BRDA:2,106,0,0
BRDA:2,106,1,0
BRDA:2,107,0,0
BRDA:2,107,1,0
BRDA:2,108,0,0
BRDA:2,108,1,0
BRDA:2,109,0,0
BRDA:2,109,1,0
BRDA:2,110,0,0
BRDA:2,110,1,0
BRDA:2,111,0,0
BRDA:2,111,1,0
BRDA:2,112,0,0
BRDA:2,112,1,0
BRDA:2,113,0,0
BRDA:2,113,1,0
BRDA:2,114,0,0
BRDA:2,114,1,0
BRDA:2,115,0,0
BRDA:2,115,1,0
BRDA:2,116,0,0
BRDA:2,116,1,0
BRDA:2,117,0,0
BRDA:2,117,1,0
BRDA:2,118,0,0
BRDA:2,118,1,0
BRDA:2,119,0,0
BRDA:2,119,1,0
BRDA:2,120,0,0
BRDA:2,120,1,0
BRDA:2,121,0,0
BRDA:2,121,1,0
BRDA:2,122,0,0
BRDA:2,122,1,0
BRDA:2,123,0,0
BRDA:2,123,1,0
BRDA:2,124,0,0
BRDA:2,124,1,0
BRDA:2,125,0,0
BRDA:2,125,1,0
BRDA:2,126,0,0
BRDA:2,126,1,0
BRDA:2,127,0,0
BRDA:2,127,1,0
BRDA:2,128,0,0
BRDA:2,128,1,0
BRDA:2,128,2,0
BRDA:2,129,0,0
BRDA:2,129,1,0
BRDA:2,130,0,0
BRDA:2,130,1,0
BRDA:2,131,0,0
BRDA:2,131,1,0
BRDA:2,131,2,0
BRDA:2,131,3,0
BRDA:2,131,4,0
BRDA:2,132,0,0
BRDA:2,132,1,0
BRDA:2,133,0,0
BRDA:2,133,1,0
BRDA:2,134,0,0
BRDA:2,134,1,0
BRDA:2,135,0,0
BRDA:2,135,1,0
BRDA:2,136,0,0
BRDA:2,136,1,0
BRDA:2,137,0,0
BRDA:2,137,1,0
BRDA:2,138,0,0
BRDA:2,138,1,0
BRF:286
BRH:0
end_of_record
TN:
SF:C:\Users\arussell\Documents\Repos\NMDS\server\coverage\lcov-report\sorter.js
FN:2,(anonymous_0)
FN:11,getTable
FN:15,getTableHeader
FN:19,getTableBody
FN:23,getNthColumn
FN:28,loadColumns
FN:53,loadRowData
FN:72,loadData
FN:81,sortByIndex
FN:83,(anonymous_9)
FN:95,(anonymous_10)
FN:112,removeSortIndicators
FN:120,addSortIndicators
FN:126,enableUI
FN:129,ithSorter
FN:132,(anonymous_15)
FN:159,(anonymous_16)
FNF:17
FNH:0
FNDA:0,(anonymous_0)
FNDA:0,getTable
FNDA:0,getTableHeader
FNDA:0,getTableBody
FNDA:0,getNthColumn
FNDA:0,loadColumns
FNDA:0,loadRowData
FNDA:0,loadData
FNDA:0,sortByIndex
FNDA:0,(anonymous_9)
FNDA:0,(anonymous_10)
FNDA:0,removeSortIndicators
FNDA:0,addSortIndicators
FNDA:0,enableUI
FNDA:0,ithSorter
FNDA:0,(anonymous_15)
FNDA:0,(anonymous_16)
DA:2,0
DA:5,0
DA:12,0
DA:16,0
DA:20,0
DA:24,0
DA:29,0
DA:31,0
DA:35,0
DA:36,0
DA:37,0
DA:42,0
DA:43,0
DA:44,0
DA:45,0
DA:49,0
DA:54,0
DA:57,0
DA:60,0
DA:61,0
DA:62,0
DA:63,0
DA:64,0
DA:65,0
DA:67,0
DA:69,0
DA:73,0
DA:76,0
DA:77,0
DA:82,0
DA:83,0
DA:84,0
DA:85,0
DA:86,0
DA:88,0
DA:89,0
DA:90,0
DA:91,0
DA:94,0
DA:95,0
DA:96,0
DA:100,0
DA:101,0
DA:102,0
DA:105,0
DA:107,0
DA:108,0
DA:113,0
DA:114,0
DA:116,0
DA:117,0
DA:121,0
DA:129,0
DA:130,0
DA:132,0
DA:133,0
DA:135,0
DA:136,0
DA:138,0
DA:139,0
DA:140,0
DA:141,0
DA:142,0
DA:145,0
DA:146,0
DA:149,0
DA:150,0
DA:151,0
DA:153,0
DA:159,0
DA:160,0
DA:161,0
DA:163,0
DA:164,0
DA:165,0
DA:166,0
DA:170,0
LF:77
LH:0
BRDA:40,0,0,0
BRDA:40,0,1,0
BRDA:43,1,0,0
BRDA:43,1,1,0
BRDA:64,2,0,0
BRDA:64,2,1,0
BRDA:86,3,0,0
BRDA:86,3,1,0
BRDA:86,4,0,0
BRDA:86,4,1,0
BRDA:94,5,0,0
BRDA:94,5,1,0
BRDA:121,6,0,0
BRDA:121,6,1,0
BRDA:135,7,0,0
BRDA:135,7,1,0
BRDA:146,8,0,0
BRDA:146,8,1,0
BRDA:150,9,0,0
BRDA:150,9,1,0
BRDA:160,10,0,0
BRDA:160,10,1,0
BRF:22
BRH:0
end_of_record
TN:
SF:C:\Users\arussell\Documents\Repos\NMDS\server\data\notifications.js
FN:18,(anonymous_0)
FN:42,(anonymous_1)
FN:68,(anonymous_2)
FN:78,(anonymous_3)
FNF:4
FNH:0
FNDA:0,(anonymous_0)
FNDA:0,(anonymous_1)
FNDA:0,(anonymous_2)
FNDA:0,(anonymous_3)
DA:3,0
DA:6,0
DA:18,0
DA:19,0
DA:29,0
DA:42,0
DA:43,0
DA:53,0
DA:61,0
DA:68,0
DA:69,0
DA:78,0
DA:79,0
LF:13
LH:0
BRDA:22,0,0,0
BRDA:22,0,1,0
BRDA:22,1,0,0
BRDA:22,1,1,0
BRDA:23,2,0,0
BRDA:23,2,1,0
BRDA:23,3,0,0
BRDA:23,3,1,0
BRF:8
BRH:0
end_of_record
TN:
SF:C:\Users\arussell\Documents\Repos\NMDS\server\data\ownership.js
FN:78,(anonymous_0)
FN:87,(anonymous_1)
FN:96,(anonymous_2)
FN:105,(anonymous_3)
FN:117,(anonymous_4)
FN:126,(anonymous_5)
FN:135,(anonymous_6)
FN:143,(anonymous_7)
FN:154,(anonymous_8)
FN:163,(anonymous_9)
FN:190,(anonymous_10)
FNF:11
FNH:0
FNDA:0,(anonymous_0)
FNDA:0,(anonymous_1)
FNDA:0,(anonymous_2)
FNDA:0,(anonymous_3)
FNDA:0,(anonymous_4)
FNDA:0,(anonymous_5)
FNDA:0,(anonymous_6)
FNDA:0,(anonymous_7)
FNDA:0,(anonymous_8)
FNDA:0,(anonymous_9)
FNDA:0,(anonymous_10)
DA:3,0
DA:6,0
DA:14,0
DA:21,0
DA:29,0
DA:36,0
DA:43,0
DA:52,0
DA:58,0
DA:65,0
DA:72,0
DA:78,0
DA:79,0
DA:87,0
DA:88,0
DA:96,0
DA:97,0
DA:105,0
DA:106,0
DA:117,0
DA:118,0
DA:126,0
DA:127,0
DA:135,0
DA:136,0
DA:143,0
DA:144,0
DA:154,0
DA:155,0
DA:163,0
DA:164,0
DA:173,0
DA:190,0
DA:191,0
LF:34
LH:0
BRF:0
BRH:0
end_of_record
TN:
SF:C:\Users\arussell\Documents\Repos\NMDS\server\models\addUserTracking.js
FN:1,(anonymous_0)
FN:49,(anonymous_1)
FNF:2
FNH:0
FNDA:0,(anonymous_0)
FNDA:0,(anonymous_1)
DA:1,0
DA:2,0
DA:49,0
DA:50,0
DA:57,0
LF:5
LH:0
BRF:0
BRH:0
end_of_record
TN:
SF:C:\Users\arussell\Documents\Repos\NMDS\server\models\country.js
FN:3,(anonymous_0)
FNF:1
FNH:0
FNDA:0,(anonymous_0)
DA:3,0
DA:4,0
DA:29,0
LF:3
LH:0
BRF:0
BRH:0
end_of_record
TN:
SF:C:\Users\arussell\Documents\Repos\NMDS\server\models\cssr.js
FN:3,(anonymous_0)
FNF:1
FNH:0
FNDA:0,(anonymous_0)
DA:3,0
DA:4,0
DA:49,0
LF:3
LH:0
BRF:0
BRH:0
end_of_record
TN:
SF:C:\Users\arussell\Documents\Repos\NMDS\server\models\establishment.js
FN:3,(anonymous_0)
FN:512,(anonymous_1)
FNF:2
FNH:0
FNDA:0,(anonymous_0)
FNDA:0,(anonymous_1)
DA:3,0
DA:4,0
DA:512,0
DA:513,0
DA:518,0
DA:523,0
DA:529,0
DA:535,0
DA:540,0
DA:545,0
DA:550,0
DA:557,0
DA:565,0
LF:13
LH:0
BRF:0
BRH:0
end_of_record
TN:
SF:C:\Users\arussell\Documents\Repos\NMDS\server\models\establishmentAudit.js
FN:1,(anonymous_0)
FNF:1
FNH:0
FNDA:0,(anonymous_0)
DA:1,0
DA:2,0
DA:49,0
LF:3
LH:0
BRF:0
BRH:0
end_of_record
TN:
SF:C:\Users\arussell\Documents\Repos\NMDS\server\models\establishmentCapacity.js
FN:3,(anonymous_0)
FN:34,(anonymous_1)
FNF:2
FNH:0
FNDA:0,(anonymous_0)
FNDA:0,(anonymous_1)
DA:3,0
DA:4,0
DA:34,0
DA:41,0
DA:48,0
LF:5
LH:0
BRF:0
BRH:0
end_of_record
TN:
SF:C:\Users\arussell\Documents\Repos\NMDS\server\models\establishmentJobs.js
FN:3,(anonymous_0)
FN:40,(anonymous_1)
FNF:2
FNH:0
FNDA:0,(anonymous_0)
FNDA:0,(anonymous_1)
DA:3,0
DA:4,0
DA:40,0
DA:41,0
DA:48,0
LF:5
LH:0
BRF:0
BRH:0
end_of_record
TN:
SF:C:\Users\arussell\Documents\Repos\NMDS\server\models\establishmentLeavers.js
FN:3,(anonymous_0)
FN:34,(anonymous_1)
FNF:2
FNH:0
FNDA:0,(anonymous_0)
FNDA:0,(anonymous_1)
DA:3,0
DA:4,0
DA:34,0
DA:35,0
DA:43,0
DA:45,0
LF:6
LH:0
BRF:0
BRH:0
end_of_record
TN:
SF:C:\Users\arussell\Documents\Repos\NMDS\server\models\establishmentLocalAuthority.js
FN:3,(anonymous_0)
FNF:1
FNH:0
FNDA:0,(anonymous_0)
DA:3,0
DA:4,0
DA:34,0
LF:3
LH:0
BRF:0
BRH:0
end_of_record
TN:
SF:C:\Users\arussell\Documents\Repos\NMDS\server\models\establishmentServiceUsers.js
FN:3,(anonymous_0)
FNF:1
FNH:0
FNDA:0,(anonymous_0)
DA:3,0
DA:4,0
DA:30,0
LF:3
LH:0
BRF:0
BRH:0
end_of_record
TN:
SF:C:\Users\arussell\Documents\Repos\NMDS\server\models\establishmentServices.js
FN:3,(anonymous_0)
FNF:1
FNH:0
FNDA:0,(anonymous_0)
DA:3,0
DA:4,0
DA:30,0
LF:3
LH:0
BRF:0
BRH:0
end_of_record
TN:
SF:C:\Users\arussell\Documents\Repos\NMDS\server\models\establishmentStarters.js
FN:3,(anonymous_0)
FN:35,(anonymous_1)
FNF:2
FNH:0
FNDA:0,(anonymous_0)
FNDA:0,(anonymous_1)
DA:3,0
DA:4,0
DA:35,0
DA:36,0
DA:44,0
DA:46,0
LF:6
LH:0
BRF:0
BRH:0
end_of_record
TN:
SF:C:\Users\arussell\Documents\Repos\NMDS\server\models\establishmentVacancies.js
FN:3,(anonymous_0)
FN:34,(anonymous_1)
FNF:2
FNH:0
FNDA:0,(anonymous_0)
FNDA:0,(anonymous_1)
DA:3,0
DA:4,0
DA:34,0
DA:35,0
DA:43,0
DA:45,0
LF:6
LH:0
BRF:0
BRH:0
end_of_record
TN:
SF:C:\Users\arussell\Documents\Repos\NMDS\server\models\ethnicity.js
FN:3,(anonymous_0)
FNF:1
FNH:0
FNDA:0,(anonymous_0)
DA:3,0
DA:4,0
DA:34,0
LF:3
LH:0
BRF:0
BRH:0
end_of_record
TN:
SF:C:\Users\arussell\Documents\Repos\NMDS\server\models\feedback.js
FN:3,(anonymous_0)
FNF:1
FNH:0
FNDA:0,(anonymous_0)
DA:3,0
DA:4,0
DA:39,0
LF:3
LH:0
BRF:0
BRH:0
end_of_record
TN:
SF:C:\Users\arussell\Documents\Repos\NMDS\server\models\index.js
FN:13,(anonymous_0)
FN:18,(anonymous_1)
FN:20,(anonymous_2)
FN:24,(anonymous_3)
FN:69,(anonymous_4)
FN:72,(anonymous_5)
FN:77,(anonymous_6)
FN:94,(anonymous_7)
FNF:8
FNH:0
FNDA:0,(anonymous_0)
FNDA:0,(anonymous_1)
FNDA:0,(anonymous_2)
FNDA:0,(anonymous_3)
FNDA:0,(anonymous_4)
FNDA:0,(anonymous_5)
FNDA:0,(anonymous_6)
FNDA:0,(anonymous_7)
DA:2,0
DA:3,0
DA:4,0
DA:5,0
DA:6,0
DA:7,0
DA:8,0
DA:9,0
DA:14,0
DA:15,0
DA:18,0
DA:21,0
DA:25,0
DA:28,0
DA:31,0
DA:34,0
DA:35,0
DA:36,0
DA:37,0
DA:38,0
DA:39,0
DA:40,0
DA:43,0
DA:45,0
DA:47,0
DA:48,0
DA:58,0
DA:65,0
DA:67,0
DA:70,0
DA:73,0
DA:74,0
DA:77,0
DA:78,0
DA:79,0
DA:83,0
DA:84,0
DA:87,0
DA:89,0
DA:94,0
DA:96,0
DA:97,0
DA:101,0
DA:102,0
DA:103,0
DA:112,0
DA:115,0
DA:116,0
DA:121,0
LF:49
LH:0
BRDA:45,0,0,0
BRDA:45,0,1,0
BRDA:47,1,0,0
BRDA:47,1,1,0
BRDA:70,2,0,0
BRDA:70,2,1,0
BRDA:70,2,2,0
BRDA:78,3,0,0
BRDA:78,3,1,0
BRDA:87,4,0,0
BRDA:87,4,1,0
BRDA:101,5,0,0
BRDA:101,5,1,0
BRDA:102,6,0,0
BRDA:102,6,1,0
BRF:15
BRH:0
end_of_record
TN:
SF:C:\Users\arussell\Documents\Repos\NMDS\server\models\job.js
FN:3,(anonymous_0)
FNF:1
FNH:0
FNDA:0,(anonymous_0)
DA:3,0
DA:4,0
DA:28,0
LF:3
LH:0
BRF:0
BRH:0
end_of_record
TN:
SF:C:\Users\arussell\Documents\Repos\NMDS\server\models\localAuthorityReportsEstablishment.js
FN:3,(anonymous_0)
FNF:1
FNH:0
FNDA:0,(anonymous_0)
DA:3,0
DA:4,0
DA:144,0
LF:3
LH:0
BRF:0
BRH:0
end_of_record
TN:
SF:C:\Users\arussell\Documents\Repos\NMDS\server\models\localAuthorityReportsWorkers.js
FN:3,(anonymous_0)
FNF:1
FNH:0
FNDA:0,(anonymous_0)
DA:3,0
DA:4,0
DA:113,0
LF:3
LH:0
BRF:0
BRH:0
end_of_record
TN:
SF:C:\Users\arussell\Documents\Repos\NMDS\server\models\location.js
FN:3,(anonymous_0)
FNF:1
FNH:0
FNDA:0,(anonymous_0)
DA:3,0
DA:4,0
LF:2
LH:0
BRF:0
BRH:0
end_of_record
TN:
SF:C:\Users\arussell\Documents\Repos\NMDS\server\models\login.js
FN:5,(anonymous_0)
FN:80,(anonymous_1)
FN:84,(anonymous_2)
FN:98,(anonymous_3)
FN:107,(anonymous_4)
FNF:5
FNH:0
FNDA:0,(anonymous_0)
FNDA:0,(anonymous_1)
FNDA:0,(anonymous_2)
FNDA:0,(anonymous_3)
FNDA:0,(anonymous_4)
DA:2,0
DA:3,0
DA:5,0
DA:6,0
DA:80,0
DA:81,0
DA:84,0
DA:89,0
DA:90,0
DA:92,0
DA:95,0
DA:98,0
DA:99,0
DA:100,0
DA:102,0
DA:107,0
DA:108,0
DA:115,0
LF:18
LH:0
BRDA:89,0,0,0
BRDA:89,0,1,0
BRDA:92,1,0,0
BRDA:92,1,1,0
BRDA:99,2,0,0
BRDA:99,2,1,0
BRF:6
BRH:0
end_of_record
TN:
SF:C:\Users\arussell\Documents\Repos\NMDS\server\models\nationality.js
FN:3,(anonymous_0)
FNF:1
FNH:0
FNDA:0,(anonymous_0)
DA:3,0
DA:4,0
DA:29,0
LF:3
LH:0
BRF:0
BRH:0
end_of_record
TN:
SF:C:\Users\arussell\Documents\Repos\NMDS\server\models\passwdResetTracking.js
FN:1,(anonymous_0)
FNF:1
FNH:0
FNDA:0,(anonymous_0)
DA:1,0
DA:2,0
DA:43,0
LF:3
LH:0
BRF:0
BRH:0
end_of_record
TN:
SF:C:\Users\arussell\Documents\Repos\NMDS\server\models\pcodedata.js
FN:3,(anonymous_0)
FN:53,(anonymous_1)
FNF:2
FNH:0
FNDA:0,(anonymous_0)
FNDA:0,(anonymous_1)
DA:3,0
DA:4,0
DA:53,0
DA:54,0
DA:61,0
LF:5
LH:0
BRF:0
BRH:0
end_of_record
TN:
SF:C:\Users\arussell\Documents\Repos\NMDS\server\models\qualification.js
FN:3,(anonymous_0)
FNF:1
FNH:0
FNDA:0,(anonymous_0)
DA:3,0
DA:4,0
DA:29,0
LF:3
LH:0
BRF:0
BRH:0
end_of_record
TN:
SF:C:\Users\arussell\Documents\Repos\NMDS\server\models\recruitedFrom.js
FN:3,(anonymous_0)
FNF:1
FNH:0
FNDA:0,(anonymous_0)
DA:3,0
DA:4,0
DA:29,0
LF:3
LH:0
BRF:0
BRH:0
end_of_record
TN:
SF:C:\Users\arussell\Documents\Repos\NMDS\server\models\serviceCapacity.js
FN:3,(anonymous_0)
FN:40,(anonymous_1)
FNF:2
FNH:0
FNDA:0,(anonymous_0)
FNDA:0,(anonymous_1)
DA:3,0
DA:4,0
DA:40,0
DA:41,0
DA:48,0
LF:5
LH:0
BRF:0
BRH:0
end_of_record
TN:
SF:C:\Users\arussell\Documents\Repos\NMDS\server\models\serviceUsers.js
FN:3,(anonymous_0)
FNF:1
FNH:0
FNDA:0,(anonymous_0)
DA:3,0
DA:4,0
DA:40,0
LF:3
LH:0
BRF:0
BRH:0
end_of_record
TN:
SF:C:\Users\arussell\Documents\Repos\NMDS\server\models\services.js
FN:3,(anonymous_0)
FN:41,(anonymous_1)
FNF:2
FNH:0
FNDA:0,(anonymous_0)
FNDA:0,(anonymous_1)
DA:3,0
DA:4,0
DA:41,0
DA:42,0
DA:50,0
LF:5
LH:0
BRF:0
BRH:0
end_of_record
TN:
SF:C:\Users\arussell\Documents\Repos\NMDS\server\models\user.js
FN:3,(anonymous_0)
FN:242,(anonymous_1)
FNF:2
FNH:0
FNDA:0,(anonymous_0)
FNDA:0,(anonymous_1)
DA:3,0
DA:4,0
DA:242,0
DA:243,0
DA:249,0
DA:255,0
DA:263,0
LF:7
LH:0
BRF:0
BRH:0
end_of_record
TN:
SF:C:\Users\arussell\Documents\Repos\NMDS\server\models\userAudit.js
FN:1,(anonymous_0)
FNF:1
FNH:0
FNDA:0,(anonymous_0)
DA:1,0
DA:2,0
DA:49,0
LF:3
LH:0
BRF:0
BRH:0
end_of_record
TN:
SF:C:\Users\arussell\Documents\Repos\NMDS\server\models\worker.js
FN:1,(anonymous_0)
FN:980,(anonymous_1)
FNF:2
FNH:0
FNDA:0,(anonymous_0)
FNDA:0,(anonymous_1)
DA:1,0
DA:2,0
DA:980,0
DA:981,0
DA:986,0
DA:991,0
DA:997,0
DA:1002,0
DA:1007,0
DA:1012,0
DA:1017,0
DA:1022,0
DA:1027,0
DA:1032,0
DA:1041,0
LF:15
LH:0
BRF:0
BRH:0
end_of_record
TN:
SF:C:\Users\arussell\Documents\Repos\NMDS\server\models\workerAudit.js
FN:1,(anonymous_0)
FNF:1
FNH:0
FNDA:0,(anonymous_0)
DA:1,0
DA:2,0
DA:49,0
LF:3
LH:0
BRF:0
BRH:0
end_of_record
TN:
SF:C:\Users\arussell\Documents\Repos\NMDS\server\models\workerAvailableQualifications.js
FN:3,(anonymous_0)
FNF:1
FNH:0
FNDA:0,(anonymous_0)
DA:3,0
DA:4,0
DA:69,0
LF:3
LH:0
BRF:0
BRH:0
end_of_record
TN:
SF:C:\Users\arussell\Documents\Repos\NMDS\server\models\workerJobs.js
FN:3,(anonymous_0)
FN:34,(anonymous_1)
FNF:2
FNH:0
FNDA:0,(anonymous_0)
FNDA:0,(anonymous_1)
DA:3,0
DA:4,0
DA:34,0
DA:35,0
DA:42,0
LF:5
LH:0
BRF:0
BRH:0
end_of_record
TN:
SF:C:\Users\arussell\Documents\Repos\NMDS\server\models\workerNurseSpecialism.js
FN:3,(anonymous_0)
FNF:1
FNH:0
FNDA:0,(anonymous_0)
DA:3,0
DA:4,0
DA:34,0
LF:3
LH:0
BRF:0
BRH:0
end_of_record
TN:
SF:C:\Users\arussell\Documents\Repos\NMDS\server\models\workerQualifications.js
FN:3,(anonymous_0)
FN:67,(anonymous_1)
FNF:2
FNH:0
FNDA:0,(anonymous_0)
FNDA:0,(anonymous_1)
DA:3,0
DA:4,0
DA:67,0
DA:68,0
DA:73,0
DA:80,0
LF:6
LH:0
BRF:0
BRH:0
end_of_record
TN:
SF:C:\Users\arussell\Documents\Repos\NMDS\server\models\workerReasons.js
FN:3,(anonymous_0)
FNF:1
FNH:0
FNDA:0,(anonymous_0)
DA:3,0
DA:4,0
DA:29,0
LF:3
LH:0
BRF:0
BRH:0
end_of_record
TN:
SF:C:\Users\arussell\Documents\Repos\NMDS\server\models\workerTraining.js
FN:3,(anonymous_0)
FN:83,(anonymous_1)
FNF:2
FNH:0
FNDA:0,(anonymous_0)
FNDA:0,(anonymous_1)
DA:3,0
DA:4,0
DA:83,0
DA:84,0
DA:89,0
DA:96,0
LF:6
LH:0
BRF:0
BRH:0
end_of_record
TN:
SF:C:\Users\arussell\Documents\Repos\NMDS\server\models\workerTrainingCategories.js
FN:3,(anonymous_0)
FNF:1
FNH:0
FNDA:0,(anonymous_0)
DA:3,0
DA:4,0
DA:29,0
LF:3
LH:0
BRF:0
BRH:0
end_of_record
TN:
SF:C:\Users\arussell\Documents\Repos\NMDS\server\models\BulkImport\BUDI\index.js
FN:11,(anonymous_0)
FN:15,(anonymous_1)
FN:25,(anonymous_2)
FN:42,(anonymous_3)
FN:43,(anonymous_4)
FN:51,(anonymous_5)
FN:52,(anonymous_6)
FN:61,(anonymous_7)
FN:62,(anonymous_8)
FN:66,(anonymous_9)
FN:107,(anonymous_10)
FN:110,(anonymous_11)
FN:117,(anonymous_12)
FN:145,(anonymous_13)
FN:148,(anonymous_14)
FN:155,(anonymous_15)
FN:189,(anonymous_16)
FN:192,(anonymous_17)
FN:198,(anonymous_18)
FN:208,(anonymous_19)
FN:211,(anonymous_20)
FN:217,(anonymous_21)
FN:267,(anonymous_22)
FN:270,(anonymous_23)
FN:278,(anonymous_24)
FN:303,(anonymous_25)
FN:313,(anonymous_26)
FN:355,(anonymous_27)
FN:358,(anonymous_28)
FN:365,(anonymous_29)
FN:389,(anonymous_30)
FN:392,(anonymous_31)
FN:399,(anonymous_32)
FN:643,(anonymous_33)
FN:646,(anonymous_34)
FN:654,(anonymous_35)
FN:908,(anonymous_36)
FN:911,(anonymous_37)
FN:918,(anonymous_38)
FN:933,(anonymous_39)
FN:936,(anonymous_40)
FN:943,(anonymous_41)
FN:956,(anonymous_42)
FN:959,(anonymous_43)
FN:966,(anonymous_44)
FN:981,(anonymous_45)
FN:984,(anonymous_46)
FN:990,(anonymous_47)
FN:1122,(anonymous_48)
FN:1125,(anonymous_49)
FN:1130,(anonymous_50)
FN:1133,(anonymous_51)
FN:1149,(anonymous_52)
FN:1151,(anonymous_53)
FN:1167,(anonymous_54)
FN:1169,(anonymous_55)
FN:1186,(anonymous_56)
FN:1188,(anonymous_57)
FN:1212,(anonymous_58)
FN:1216,(anonymous_59)
FN:1220,(anonymous_60)
FNF:61
FNH:0
FNDA:0,(anonymous_0)
FNDA:0,(anonymous_1)
FNDA:0,(anonymous_2)
FNDA:0,(anonymous_3)
FNDA:0,(anonymous_4)
FNDA:0,(anonymous_5)
FNDA:0,(anonymous_6)
FNDA:0,(anonymous_7)
FNDA:0,(anonymous_8)
FNDA:0,(anonymous_9)
FNDA:0,(anonymous_10)
FNDA:0,(anonymous_11)
FNDA:0,(anonymous_12)
FNDA:0,(anonymous_13)
FNDA:0,(anonymous_14)
FNDA:0,(anonymous_15)
FNDA:0,(anonymous_16)
FNDA:0,(anonymous_17)
FNDA:0,(anonymous_18)
FNDA:0,(anonymous_19)
FNDA:0,(anonymous_20)
FNDA:0,(anonymous_21)
FNDA:0,(anonymous_22)
FNDA:0,(anonymous_23)
FNDA:0,(anonymous_24)
FNDA:0,(anonymous_25)
FNDA:0,(anonymous_26)
FNDA:0,(anonymous_27)
FNDA:0,(anonymous_28)
FNDA:0,(anonymous_29)
FNDA:0,(anonymous_30)
FNDA:0,(anonymous_31)
FNDA:0,(anonymous_32)
FNDA:0,(anonymous_33)
FNDA:0,(anonymous_34)
FNDA:0,(anonymous_35)
FNDA:0,(anonymous_36)
FNDA:0,(anonymous_37)
FNDA:0,(anonymous_38)
FNDA:0,(anonymous_39)
FNDA:0,(anonymous_40)
FNDA:0,(anonymous_41)
FNDA:0,(anonymous_42)
FNDA:0,(anonymous_43)
FNDA:0,(anonymous_44)
FNDA:0,(anonymous_45)
FNDA:0,(anonymous_46)
FNDA:0,(anonymous_47)
FNDA:0,(anonymous_48)
FNDA:0,(anonymous_49)
FNDA:0,(anonymous_50)
FNDA:0,(anonymous_51)
FNDA:0,(anonymous_52)
FNDA:0,(anonymous_53)
FNDA:0,(anonymous_54)
FNDA:0,(anonymous_55)
FNDA:0,(anonymous_56)
FNDA:0,(anonymous_57)
FNDA:0,(anonymous_58)
FNDA:0,(anonymous_59)
FNDA:0,(anonymous_60)
DA:4,0
DA:6,0
DA:7,0
DA:8,0
DA:16,0
DA:24,0
DA:25,0
DA:26,0
DA:34,0
DA:40,0
DA:41,0
DA:42,0
DA:44,0
DA:50,0
DA:51,0
DA:53,0
DA:61,0
DA:62,0
DA:67,0
DA:106,0
DA:107,0
DA:108,0
DA:110,0
DA:111,0
DA:118,0
DA:144,0
DA:145,0
DA:146,0
DA:148,0
DA:149,0
DA:156,0
DA:188,0
DA:189,0
DA:190,0
DA:192,0
DA:193,0
DA:199,0
DA:207,0
DA:208,0
DA:209,0
DA:211,0
DA:212,0
DA:218,0
DA:220,0
DA:221,0
DA:223,0
DA:226,0
DA:229,0
DA:232,0
DA:235,0
DA:238,0
DA:241,0
DA:244,0
DA:247,0
DA:250,0
DA:256,0
DA:259,0
DA:263,0
DA:268,0
DA:270,0
DA:273,0
DA:279,0
DA:299,0
DA:304,0
DA:305,0
DA:307,0
DA:314,0
DA:354,0
DA:355,0
DA:356,0
DA:358,0
DA:359,0
DA:366,0
DA:388,0
DA:389,0
DA:390,0
DA:392,0
DA:393,0
DA:400,0
DA:642,0
DA:643,0
DA:644,0
DA:646,0
DA:647,0
DA:655,0
DA:907,0
DA:908,0
DA:909,0
DA:911,0
DA:912,0
DA:919,0
DA:932,0
DA:933,0
DA:934,0
DA:936,0
DA:937,0
DA:944,0
DA:955,0
DA:956,0
DA:957,0
DA:959,0
DA:960,0
DA:967,0
DA:980,0
DA:981,0
DA:982,0
DA:984,0
DA:985,0
DA:991,0
DA:1121,0
DA:1122,0
DA:1123,0
DA:1125,0
DA:1126,0
DA:1131,0
DA:1133,0
DA:1134,0
DA:1135,0
DA:1137,0
DA:1142,0
DA:1145,0
DA:1150,0
DA:1151,0
DA:1152,0
DA:1153,0
DA:1155,0
DA:1160,0
DA:1163,0
DA:1168,0
DA:1169,0
DA:1170,0
DA:1171,0
DA:1173,0
DA:1178,0
DA:1181,0
DA:1187,0
DA:1188,0
DA:1189,0
DA:1190,0
DA:1192,0
DA:1197,0
DA:1200,0
DA:1209,0
DA:1210,0
DA:1213,0
DA:1216,0
DA:1218,0
DA:1221,0
DA:1227,0
LF:149
LH:0
BRDA:24,0,0,0
BRDA:24,0,1,0
BRDA:40,1,0,0
BRDA:40,1,1,0
BRDA:106,2,0,0
BRDA:106,2,1,0
BRDA:108,3,0,0
BRDA:108,3,1,0
BRDA:111,4,0,0
BRDA:111,4,1,0
BRDA:144,5,0,0
BRDA:144,5,1,0
BRDA:146,6,0,0
BRDA:146,6,1,0
BRDA:149,7,0,0
BRDA:149,7,1,0
BRDA:188,8,0,0
BRDA:188,8,1,0
BRDA:190,9,0,0
BRDA:190,9,1,0
BRDA:193,10,0,0
BRDA:193,10,1,0
BRDA:207,11,0,0
BRDA:207,11,1,0
BRDA:209,12,0,0
BRDA:209,12,1,0
BRDA:212,13,0,0
BRDA:212,13,1,0
BRDA:220,14,0,0
BRDA:220,14,1,0
BRDA:221,15,0,0
BRDA:221,15,1,0
BRDA:221,15,2,0
BRDA:221,15,3,0
BRDA:221,15,4,0
BRDA:221,15,5,0
BRDA:256,16,0,0
BRDA:268,17,0,0
BRDA:268,17,1,0
BRDA:304,18,0,0
BRDA:304,18,1,0
BRDA:354,19,0,0
BRDA:354,19,1,0
BRDA:356,20,0,0
BRDA:356,20,1,0
BRDA:359,21,0,0
BRDA:359,21,1,0
BRDA:388,22,0,0
BRDA:388,22,1,0
BRDA:390,23,0,0
BRDA:390,23,1,0
BRDA:393,24,0,0
BRDA:393,24,1,0
BRDA:642,25,0,0
BRDA:642,25,1,0
BRDA:644,26,0,0
BRDA:644,26,1,0
BRDA:647,27,0,0
BRDA:647,27,1,0
BRDA:907,28,0,0
BRDA:907,28,1,0
BRDA:909,29,0,0
BRDA:909,29,1,0
BRDA:912,30,0,0
BRDA:912,30,1,0
BRDA:932,31,0,0
BRDA:932,31,1,0
BRDA:934,32,0,0
BRDA:934,32,1,0
BRDA:937,33,0,0
BRDA:937,33,1,0
BRDA:955,34,0,0
BRDA:955,34,1,0
BRDA:957,35,0,0
BRDA:957,35,1,0
BRDA:960,36,0,0
BRDA:960,36,1,0
BRDA:980,37,0,0
BRDA:980,37,1,0
BRDA:982,38,0,0
BRDA:982,38,1,0
BRDA:985,39,0,0
BRDA:985,39,1,0
BRDA:1121,40,0,0
BRDA:1121,40,1,0
BRDA:1123,41,0,0
BRDA:1123,41,1,0
BRDA:1126,42,0,0
BRDA:1126,42,1,0
BRDA:1131,43,0,0
BRDA:1131,43,1,0
BRDA:1134,44,0,0
BRDA:1134,44,1,0
BRDA:1142,45,0,0
BRDA:1142,45,1,0
BRDA:1150,46,0,0
BRDA:1150,46,1,0
BRDA:1152,47,0,0
BRDA:1152,47,1,0
BRDA:1160,48,0,0
BRDA:1160,48,1,0
BRDA:1168,49,0,0
BRDA:1168,49,1,0
BRDA:1170,50,0,0
BRDA:1170,50,1,0
BRDA:1178,51,0,0
BRDA:1178,51,1,0
BRDA:1187,52,0,0
BRDA:1187,52,1,0
BRDA:1189,53,0,0
BRDA:1189,53,1,0
BRDA:1197,54,0,0
BRDA:1197,54,1,0
BRDA:1209,55,0,0
BRDA:1209,55,1,0
BRF:115
BRH:0
end_of_record
TN:
SF:C:\Users\arussell\Documents\Repos\NMDS\server\models\BulkImport\csv\establishments.js
FN:6,(anonymous_0)
FN:57,(anonymous_1)
FN:58,(anonymous_2)
FN:59,(anonymous_3)
FN:61,(anonymous_4)
FN:62,(anonymous_5)
FN:63,(anonymous_6)
FN:64,(anonymous_7)
FN:65,(anonymous_8)
FN:66,(anonymous_9)
FN:67,(anonymous_10)
FN:68,(anonymous_11)
FN:69,(anonymous_12)
FN:70,(anonymous_13)
FN:71,(anonymous_14)
FN:72,(anonymous_15)
FN:73,(anonymous_16)
FN:74,(anonymous_17)
FN:75,(anonymous_18)
FN:76,(anonymous_19)
FN:77,(anonymous_20)
FN:78,(anonymous_21)
FN:80,(anonymous_22)
FN:81,(anonymous_23)
FN:82,(anonymous_24)
FN:83,(anonymous_25)
FN:84,(anonymous_26)
FN:86,(anonymous_27)
FN:88,(anonymous_28)
FN:89,(anonymous_29)
FN:90,(anonymous_30)
FN:91,(anonymous_31)
FN:92,(anonymous_32)
FN:93,(anonymous_33)
FN:94,(anonymous_34)
FN:95,(anonymous_35)
FN:96,(anonymous_36)
FN:97,(anonymous_37)
FN:98,(anonymous_38)
FN:99,(anonymous_39)
FN:100,(anonymous_40)
FN:101,(anonymous_41)
FN:103,(anonymous_42)
FN:104,(anonymous_43)
FN:105,(anonymous_44)
FN:107,(anonymous_45)
FN:110,(anonymous_46)
FN:114,(anonymous_47)
FN:118,(anonymous_48)
FN:122,(anonymous_49)
FN:125,(anonymous_50)
FN:128,(anonymous_51)
FN:131,(anonymous_52)
FN:135,(anonymous_53)
FN:138,(anonymous_54)
FN:142,(anonymous_55)
FN:145,(anonymous_56)
FN:149,(anonymous_57)
FN:152,(anonymous_58)
FN:155,(anonymous_59)
FN:158,(anonymous_60)
FN:161,(anonymous_61)
FN:164,(anonymous_62)
FN:167,(anonymous_63)
FN:172,(anonymous_64)
FN:175,(anonymous_65)
FN:178,(anonymous_66)
FN:182,(anonymous_67)
FN:185,(anonymous_68)
FN:188,(anonymous_69)
FN:191,(anonymous_70)
FN:194,(anonymous_71)
FN:197,(anonymous_72)
FN:200,(anonymous_73)
FN:203,(anonymous_74)
FN:206,(anonymous_75)
FN:210,(anonymous_76)
FN:244,(anonymous_77)
FN:272,(anonymous_78)
FN:273,(anonymous_79)
FN:348,(anonymous_80)
FN:380,(anonymous_81)
FN:479,(anonymous_82)
FN:493,(anonymous_83)
FN:562,(anonymous_84)
FN:570,(anonymous_85)
FN:609,(anonymous_86)
FN:648,(anonymous_87)
FN:652,(anonymous_88)
FN:674,(anonymous_89)
FN:683,(anonymous_90)
FN:712,(anonymous_91)
FN:754,(anonymous_92)
FN:803,(anonymous_93)
FN:832,(anonymous_94)
FN:854,(anonymous_95)
FN:875,(anonymous_96)
FN:906,(anonymous_97)
FN:913,(anonymous_98)
FN:921,(anonymous_99)
FN:942,(anonymous_100)
FN:984,(anonymous_101)
FN:991,(anonymous_102)
FN:1046,(anonymous_103)
FN:1060,(anonymous_104)
FN:1076,(anonymous_105)
FN:1080,(anonymous_106)
FN:1088,(anonymous_107)
FN:1100,(anonymous_108)
FN:1142,(anonymous_109)
FN:1159,(anonymous_110)
FN:1173,(anonymous_111)
FN:1177,(anonymous_112)
FN:1184,(anonymous_113)
FN:1235,(anonymous_114)
FN:1245,(anonymous_115)
FN:1255,(anonymous_116)
FN:1267,(anonymous_117)
FN:1271,(anonymous_118)
FN:1272,(anonymous_119)
FN:1273,(anonymous_120)
FN:1276,(anonymous_121)
FN:1283,(anonymous_122)
FN:1285,(anonymous_123)
FN:1293,(anonymous_124)
FN:1315,(anonymous_125)
FN:1339,(anonymous_126)
FN:1352,(anonymous_127)
FN:1356,(anonymous_128)
FN:1370,(anonymous_129)
FN:1401,(anonymous_130)
FN:1405,(anonymous_131)
FN:1426,(anonymous_132)
FN:1430,(anonymous_133)
FN:1451,(anonymous_134)
FN:1471,(anonymous_135)
FN:1476,(anonymous_136)
FN:1497,(anonymous_137)
FN:1504,(anonymous_138)
FN:1534,(anonymous_139)
FN:1541,(anonymous_140)
FN:1570,(anonymous_141)
FN:1574,(anonymous_142)
FN:1596,(anonymous_143)
FN:1598,(anonymous_144)
FN:1604,(anonymous_145)
FN:1618,(anonymous_146)
FN:1624,(anonymous_147)
FN:1633,(anonymous_148)
FN:1639,(anonymous_149)
FN:1648,(anonymous_150)
FN:1654,(anonymous_151)
FN:1659,(anonymous_152)
FN:1663,(anonymous_153)
FN:1687,(anonymous_154)
FN:1691,(anonymous_155)
FN:1696,(anonymous_156)
FN:1713,(anonymous_157)
FN:1726,(anonymous_158)
FN:1738,(anonymous_159)
FN:1749,(anonymous_160)
FN:1761,(anonymous_161)
FN:1774,(anonymous_162)
FN:1810,(anonymous_163)
FN:1832,(anonymous_164)
FN:1850,(anonymous_165)
FN:1861,(anonymous_166)
FN:1887,(anonymous_167)
FN:1889,(anonymous_168)
FN:1899,(anonymous_169)
FN:1913,(anonymous_170)
FN:1930,(anonymous_171)
FN:1931,(anonymous_172)
FN:1945,(anonymous_173)
FN:1990,(anonymous_174)
FN:1991,(anonymous_175)
FN:2008,(anonymous_176)
FN:2207,(anonymous_177)
FN:2216,(anonymous_178)
FN:2261,(anonymous_179)
FN:2276,(anonymous_180)
FN:2279,(anonymous_181)
FN:2294,(anonymous_182)
FN:2296,(anonymous_183)
FN:2299,(anonymous_184)
FN:2301,(anonymous_185)
FN:2306,(anonymous_186)
FN:2310,(anonymous_187)
FN:2311,(anonymous_188)
FN:2320,(anonymous_189)
FN:2323,(anonymous_190)
FN:2326,(anonymous_191)
FN:2331,(anonymous_192)
FN:2337,(anonymous_193)
FN:2342,(anonymous_194)
FN:2349,(anonymous_195)
FN:2350,(anonymous_196)
FN:2362,(anonymous_197)
FN:2369,(anonymous_198)
FN:2370,(anonymous_199)
FN:2382,(anonymous_200)
FN:2389,(anonymous_201)
FN:2390,(anonymous_202)
FN:2405,(anonymous_203)
FNF:204
FNH:0
FNDA:0,(anonymous_0)
FNDA:0,(anonymous_1)
FNDA:0,(anonymous_2)
FNDA:0,(anonymous_3)
FNDA:0,(anonymous_4)
FNDA:0,(anonymous_5)
FNDA:0,(anonymous_6)
FNDA:0,(anonymous_7)
FNDA:0,(anonymous_8)
FNDA:0,(anonymous_9)
FNDA:0,(anonymous_10)
FNDA:0,(anonymous_11)
FNDA:0,(anonymous_12)
FNDA:0,(anonymous_13)
FNDA:0,(anonymous_14)
FNDA:0,(anonymous_15)
FNDA:0,(anonymous_16)
FNDA:0,(anonymous_17)
FNDA:0,(anonymous_18)
FNDA:0,(anonymous_19)
FNDA:0,(anonymous_20)
FNDA:0,(anonymous_21)
FNDA:0,(anonymous_22)
FNDA:0,(anonymous_23)
FNDA:0,(anonymous_24)
FNDA:0,(anonymous_25)
FNDA:0,(anonymous_26)
FNDA:0,(anonymous_27)
FNDA:0,(anonymous_28)
FNDA:0,(anonymous_29)
FNDA:0,(anonymous_30)
FNDA:0,(anonymous_31)
FNDA:0,(anonymous_32)
FNDA:0,(anonymous_33)
FNDA:0,(anonymous_34)
FNDA:0,(anonymous_35)
FNDA:0,(anonymous_36)
FNDA:0,(anonymous_37)
FNDA:0,(anonymous_38)
FNDA:0,(anonymous_39)
FNDA:0,(anonymous_40)
FNDA:0,(anonymous_41)
FNDA:0,(anonymous_42)
FNDA:0,(anonymous_43)
FNDA:0,(anonymous_44)
FNDA:0,(anonymous_45)
FNDA:0,(anonymous_46)
FNDA:0,(anonymous_47)
FNDA:0,(anonymous_48)
FNDA:0,(anonymous_49)
FNDA:0,(anonymous_50)
FNDA:0,(anonymous_51)
FNDA:0,(anonymous_52)
FNDA:0,(anonymous_53)
FNDA:0,(anonymous_54)
FNDA:0,(anonymous_55)
FNDA:0,(anonymous_56)
FNDA:0,(anonymous_57)
FNDA:0,(anonymous_58)
FNDA:0,(anonymous_59)
FNDA:0,(anonymous_60)
FNDA:0,(anonymous_61)
FNDA:0,(anonymous_62)
FNDA:0,(anonymous_63)
FNDA:0,(anonymous_64)
FNDA:0,(anonymous_65)
FNDA:0,(anonymous_66)
FNDA:0,(anonymous_67)
FNDA:0,(anonymous_68)
FNDA:0,(anonymous_69)
FNDA:0,(anonymous_70)
FNDA:0,(anonymous_71)
FNDA:0,(anonymous_72)
FNDA:0,(anonymous_73)
FNDA:0,(anonymous_74)
FNDA:0,(anonymous_75)
FNDA:0,(anonymous_76)
FNDA:0,(anonymous_77)
FNDA:0,(anonymous_78)
FNDA:0,(anonymous_79)
FNDA:0,(anonymous_80)
FNDA:0,(anonymous_81)
FNDA:0,(anonymous_82)
FNDA:0,(anonymous_83)
FNDA:0,(anonymous_84)
FNDA:0,(anonymous_85)
FNDA:0,(anonymous_86)
FNDA:0,(anonymous_87)
FNDA:0,(anonymous_88)
FNDA:0,(anonymous_89)
FNDA:0,(anonymous_90)
FNDA:0,(anonymous_91)
FNDA:0,(anonymous_92)
FNDA:0,(anonymous_93)
FNDA:0,(anonymous_94)
FNDA:0,(anonymous_95)
FNDA:0,(anonymous_96)
FNDA:0,(anonymous_97)
FNDA:0,(anonymous_98)
FNDA:0,(anonymous_99)
FNDA:0,(anonymous_100)
FNDA:0,(anonymous_101)
FNDA:0,(anonymous_102)
FNDA:0,(anonymous_103)
FNDA:0,(anonymous_104)
FNDA:0,(anonymous_105)
FNDA:0,(anonymous_106)
FNDA:0,(anonymous_107)
FNDA:0,(anonymous_108)
FNDA:0,(anonymous_109)
FNDA:0,(anonymous_110)
FNDA:0,(anonymous_111)
FNDA:0,(anonymous_112)
FNDA:0,(anonymous_113)
FNDA:0,(anonymous_114)
FNDA:0,(anonymous_115)
FNDA:0,(anonymous_116)
FNDA:0,(anonymous_117)
FNDA:0,(anonymous_118)
FNDA:0,(anonymous_119)
FNDA:0,(anonymous_120)
FNDA:0,(anonymous_121)
FNDA:0,(anonymous_122)
FNDA:0,(anonymous_123)
FNDA:0,(anonymous_124)
FNDA:0,(anonymous_125)
FNDA:0,(anonymous_126)
FNDA:0,(anonymous_127)
FNDA:0,(anonymous_128)
FNDA:0,(anonymous_129)
FNDA:0,(anonymous_130)
FNDA:0,(anonymous_131)
FNDA:0,(anonymous_132)
FNDA:0,(anonymous_133)
FNDA:0,(anonymous_134)
FNDA:0,(anonymous_135)
FNDA:0,(anonymous_136)
FNDA:0,(anonymous_137)
FNDA:0,(anonymous_138)
FNDA:0,(anonymous_139)
FNDA:0,(anonymous_140)
FNDA:0,(anonymous_141)
FNDA:0,(anonymous_142)
FNDA:0,(anonymous_143)
FNDA:0,(anonymous_144)
FNDA:0,(anonymous_145)
FNDA:0,(anonymous_146)
FNDA:0,(anonymous_147)
FNDA:0,(anonymous_148)
FNDA:0,(anonymous_149)
FNDA:0,(anonymous_150)
FNDA:0,(anonymous_151)
FNDA:0,(anonymous_152)
FNDA:0,(anonymous_153)
FNDA:0,(anonymous_154)
FNDA:0,(anonymous_155)
FNDA:0,(anonymous_156)
FNDA:0,(anonymous_157)
FNDA:0,(anonymous_158)
FNDA:0,(anonymous_159)
FNDA:0,(anonymous_160)
FNDA:0,(anonymous_161)
FNDA:0,(anonymous_162)
FNDA:0,(anonymous_163)
FNDA:0,(anonymous_164)
FNDA:0,(anonymous_165)
FNDA:0,(anonymous_166)
FNDA:0,(anonymous_167)
FNDA:0,(anonymous_168)
FNDA:0,(anonymous_169)
FNDA:0,(anonymous_170)
FNDA:0,(anonymous_171)
FNDA:0,(anonymous_172)
FNDA:0,(anonymous_173)
FNDA:0,(anonymous_174)
FNDA:0,(anonymous_175)
FNDA:0,(anonymous_176)
FNDA:0,(anonymous_177)
FNDA:0,(anonymous_178)
FNDA:0,(anonymous_179)
FNDA:0,(anonymous_180)
FNDA:0,(anonymous_181)
FNDA:0,(anonymous_182)
FNDA:0,(anonymous_183)
FNDA:0,(anonymous_184)
FNDA:0,(anonymous_185)
FNDA:0,(anonymous_186)
FNDA:0,(anonymous_187)
FNDA:0,(anonymous_188)
FNDA:0,(anonymous_189)
FNDA:0,(anonymous_190)
FNDA:0,(anonymous_191)
FNDA:0,(anonymous_192)
FNDA:0,(anonymous_193)
FNDA:0,(anonymous_194)
FNDA:0,(anonymous_195)
FNDA:0,(anonymous_196)
FNDA:0,(anonymous_197)
FNDA:0,(anonymous_198)
FNDA:0,(anonymous_199)
FNDA:0,(anonymous_200)
FNDA:0,(anonymous_201)
FNDA:0,(anonymous_202)
FNDA:0,(anonymous_203)
DA:1,0
DA:3,0
DA:7,0
DA:8,0
DA:9,0
DA:12,0
DA:13,0
DA:17,0
DA:18,0
DA:19,0
DA:20,0
DA:21,0
DA:22,0
DA:23,0
DA:24,0
DA:25,0
DA:27,0
DA:28,0
DA:30,0
DA:31,0
DA:32,0
DA:34,0
DA:35,0
DA:36,0
DA:38,0
DA:39,0
DA:40,0
DA:41,0
DA:42,0
DA:43,0
DA:44,0
DA:46,0
DA:48,0
DA:49,0
DA:50,0
DA:51,0
DA:52,0
DA:57,0
DA:58,0
DA:59,0
DA:61,0
DA:62,0
DA:63,0
DA:64,0
DA:65,0
DA:66,0
DA:67,0
DA:68,0
DA:69,0
DA:70,0
DA:71,0
DA:72,0
DA:73,0
DA:74,0
DA:75,0
DA:76,0
DA:77,0
DA:78,0
DA:80,0
DA:81,0
DA:82,0
DA:83,0
DA:84,0
DA:86,0
DA:88,0
DA:89,0
DA:90,0
DA:91,0
DA:92,0
DA:93,0
DA:94,0
DA:95,0
DA:96,0
DA:97,0
DA:98,0
DA:99,0
DA:100,0
DA:101,0
DA:103,0
DA:104,0
DA:105,0
DA:107,0
DA:111,0
DA:115,0
DA:119,0
DA:123,0
DA:126,0
DA:129,0
DA:132,0
DA:136,0
DA:139,0
DA:143,0
DA:146,0
DA:150,0
DA:153,0
DA:156,0
DA:159,0
DA:162,0
DA:165,0
DA:168,0
DA:173,0
DA:176,0
DA:179,0
DA:183,0
DA:186,0
DA:189,0
DA:192,0
DA:195,0
DA:198,0
DA:201,0
DA:204,0
DA:207,0
DA:211,0
DA:214,0
DA:215,0
DA:217,0
DA:218,0
DA:225,0
DA:226,0
DA:227,0
DA:234,0
DA:238,0
DA:239,0
DA:241,0
DA:245,0
DA:246,0
DA:249,0
DA:250,0
DA:258,0
DA:260,0
DA:261,0
DA:269,0
DA:272,0
DA:273,0
DA:274,0
DA:276,0
DA:280,0
DA:282,0
DA:283,0
DA:292,0
DA:294,0
DA:295,0
DA:304,0
DA:306,0
DA:307,0
DA:316,0
DA:318,0
DA:319,0
DA:328,0
DA:330,0
DA:331,0
DA:340,0
DA:343,0
DA:344,0
DA:349,0
DA:352,0
DA:354,0
DA:355,0
DA:363,0
DA:364,0
DA:365,0
DA:373,0
DA:375,0
DA:376,0
DA:381,0
DA:382,0
DA:383,0
DA:384,0
DA:385,0
DA:391,0
DA:393,0
DA:394,0
DA:395,0
DA:402,0
DA:403,0
DA:413,0
DA:414,0
DA:424,0
DA:425,0
DA:435,0
DA:436,0
DA:447,0
DA:448,0
DA:449,0
DA:450,0
DA:458,0
DA:459,0
DA:467,0
DA:468,0
DA:478,0
DA:479,0
DA:480,0
DA:484,0
DA:485,0
DA:486,0
DA:487,0
DA:488,0
DA:490,0
DA:494,0
DA:495,0
DA:497,0
DA:498,0
DA:499,0
DA:508,0
DA:509,0
DA:517,0
DA:518,0
DA:529,0
DA:530,0
DA:531,0
DA:539,0
DA:540,0
DA:548,0
DA:549,0
DA:550,0
DA:551,0
DA:561,0
DA:562,0
DA:563,0
DA:566,0
DA:567,0
DA:571,0
DA:572,0
DA:573,0
DA:574,0
DA:582,0
DA:583,0
DA:584,0
DA:592,0
DA:593,0
DA:594,0
DA:602,0
DA:604,0
DA:605,0
DA:610,0
DA:611,0
DA:612,0
DA:613,0
DA:621,0
DA:622,0
DA:623,0
DA:631,0
DA:632,0
DA:633,0
DA:641,0
DA:643,0
DA:644,0
DA:650,0
DA:651,0
DA:652,0
DA:654,0
DA:655,0
DA:663,0
DA:664,0
DA:665,0
DA:674,0
DA:675,0
DA:679,0
DA:684,0
DA:686,0
DA:687,0
DA:695,0
DA:696,0
DA:697,0
DA:705,0
DA:707,0
DA:708,0
DA:714,0
DA:715,0
DA:717,0
DA:718,0
DA:726,0
DA:728,0
DA:729,0
DA:737,0
DA:738,0
DA:739,0
DA:740,0
DA:741,0
DA:742,0
DA:750,0
DA:756,0
DA:757,0
DA:760,0
DA:762,0
DA:764,0
DA:765,0
DA:766,0
DA:774,0
DA:775,0
DA:776,0
DA:784,0
DA:788,0
DA:789,0
DA:790,0
DA:791,0
DA:799,0
DA:804,0
DA:806,0
DA:807,0
DA:815,0
DA:816,0
DA:817,0
DA:825,0
DA:827,0
DA:828,0
DA:834,0
DA:835,0
DA:836,0
DA:845,0
DA:850,0
DA:851,0
DA:853,0
DA:854,0
DA:855,0
DA:856,0
DA:864,0
DA:865,0
DA:874,0
DA:875,0
DA:876,0
DA:879,0
DA:880,0
DA:881,0
DA:882,0
DA:883,0
DA:884,0
DA:893,0
DA:896,0
DA:899,0
DA:902,0
DA:905,0
DA:906,0
DA:907,0
DA:910,0
DA:916,0
DA:917,0
DA:919,0
DA:920,0
DA:921,0
DA:922,0
DA:923,0
DA:931,0
DA:932,0
DA:940,0
DA:941,0
DA:942,0
DA:943,0
DA:946,0
DA:947,0
DA:948,0
DA:949,0
DA:950,0
DA:951,0
DA:959,0
DA:960,0
DA:961,0
DA:970,0
DA:973,0
DA:976,0
DA:979,0
DA:983,0
DA:984,0
DA:985,0
DA:988,0
DA:994,0
DA:995,0
DA:997,0
DA:1000,0
DA:1001,0
DA:1010,0
DA:1011,0
DA:1020,0
DA:1021,0
DA:1032,0
DA:1033,0
DA:1045,0
DA:1046,0
DA:1047,0
DA:1050,0
DA:1051,0
DA:1060,0
DA:1061,0
DA:1064,0
DA:1065,0
DA:1075,0
DA:1076,0
DA:1077,0
DA:1080,0
DA:1081,0
DA:1082,0
DA:1083,0
DA:1085,0
DA:1088,0
DA:1089,0
DA:1090,0
DA:1091,0
DA:1093,0
DA:1097,0
DA:1102,0
DA:1103,0
DA:1104,0
DA:1106,0
DA:1107,0
DA:1115,0
DA:1116,0
DA:1117,0
DA:1125,0
DA:1126,0
DA:1127,0
DA:1135,0
DA:1137,0
DA:1138,0
DA:1144,0
DA:1145,0
DA:1148,0
DA:1149,0
DA:1157,0
DA:1159,0
DA:1160,0
DA:1161,0
DA:1172,0
DA:1173,0
DA:1174,0
DA:1177,0
DA:1179,0
DA:1186,0
DA:1187,0
DA:1188,0
DA:1190,0
DA:1191,0
DA:1193,0
DA:1195,0
DA:1200,0
DA:1201,0
DA:1202,0
DA:1211,0
DA:1212,0
DA:1221,0
DA:1222,0
DA:1233,0
DA:1234,0
DA:1235,0
DA:1236,0
DA:1245,0
DA:1246,0
DA:1255,0
DA:1256,0
DA:1266,0
DA:1267,0
DA:1268,0
DA:1271,0
DA:1272,0
DA:1273,0
DA:1275,0
DA:1276,0
DA:1277,0
DA:1280,0
DA:1285,0
DA:1287,0
DA:1288,0
DA:1289,0
DA:1291,0
DA:1293,0
DA:1294,0
DA:1304,0
DA:1305,0
DA:1314,0
DA:1315,0
DA:1316,0
DA:1327,0
DA:1328,0
DA:1339,0
DA:1340,0
DA:1341,0
DA:1351,0
DA:1352,0
DA:1353,0
DA:1356,0
DA:1357,0
DA:1363,0
DA:1366,0
DA:1371,0
DA:1372,0
DA:1373,0
DA:1377,0
DA:1379,0
DA:1380,0
DA:1381,0
DA:1383,0
DA:1389,0
DA:1402,0
DA:1403,0
DA:1405,0
DA:1406,0
DA:1408,0
DA:1409,0
DA:1411,0
DA:1422,0
DA:1427,0
DA:1428,0
DA:1430,0
DA:1431,0
DA:1433,0
DA:1434,0
DA:1436,0
DA:1447,0
DA:1453,0
DA:1454,0
DA:1456,0
DA:1457,0
DA:1466,0
DA:1473,0
DA:1474,0
DA:1476,0
DA:1477,0
DA:1479,0
DA:1480,0
DA:1482,0
DA:1493,0
DA:1498,0
DA:1499,0
DA:1504,0
DA:1507,0
DA:1509,0
DA:1511,0
DA:1512,0
DA:1517,0
DA:1530,0
DA:1535,0
DA:1536,0
DA:1541,0
DA:1544,0
DA:1546,0
DA:1548,0
DA:1549,0
DA:1554,0
DA:1566,0
DA:1571,0
DA:1572,0
DA:1574,0
DA:1575,0
DA:1577,0
DA:1578,0
DA:1580,0
DA:1591,0
DA:1597,0
DA:1598,0
DA:1600,0
DA:1610,0
DA:1612,0
DA:1613,0
DA:1614,0
DA:1615,0
DA:1616,0
DA:1617,0
DA:1619,0
DA:1624,0
DA:1627,0
DA:1628,0
DA:1629,0
DA:1630,0
DA:1631,0
DA:1632,0
DA:1634,0
DA:1639,0
DA:1642,0
DA:1643,0
DA:1644,0
DA:1645,0
DA:1646,0
DA:1647,0
DA:1649,0
DA:1654,0
DA:1660,0
DA:1661,0
DA:1663,0
DA:1664,0
DA:1669,0
DA:1670,0
DA:1672,0
DA:1683,0
DA:1688,0
DA:1692,0
DA:1693,0
DA:1698,0
DA:1699,0
DA:1707,0
DA:1709,0
DA:1714,0
DA:1727,0
DA:1739,0
DA:1750,0
DA:1762,0
DA:1775,0
DA:1777,0
DA:1778,0
DA:1779,0
DA:1782,0
DA:1783,0
DA:1784,0
DA:1786,0
DA:1787,0
DA:1788,0
DA:1790,0
DA:1791,0
DA:1792,0
DA:1794,0
DA:1795,0
DA:1796,0
DA:1797,0
DA:1799,0
DA:1800,0
DA:1801,0
DA:1803,0
DA:1806,0
DA:1812,0
DA:1813,0
DA:1815,0
DA:1816,0
DA:1817,0
DA:1818,0
DA:1819,0
DA:1820,0
DA:1822,0
DA:1823,0
DA:1824,0
DA:1826,0
DA:1828,0
DA:1833,0
DA:1851,0
DA:1855,0
DA:1856,0
DA:1859,0
DA:1862,0
DA:1866,0
DA:1867,0
DA:1870,0
DA:1889,0
DA:1890,0
DA:1900,0
DA:1912,0
DA:1913,0
DA:1915,0
DA:1918,0
DA:1930,0
DA:1932,0
DA:1938,0
DA:1939,0
DA:1942,0
DA:1946,0
DA:1950,0
DA:1951,0
DA:1954,0
DA:1962,0
DA:1963,0
DA:1967,0
DA:1968,0
DA:1970,0
DA:1971,0
DA:1973,0
DA:1974,0
DA:1977,0
DA:1983,0
DA:1989,0
DA:1990,0
DA:1991,0
DA:1994,0
DA:1995,0
DA:1997,0
DA:1998,0
DA:2001,0
DA:2208,0
DA:2209,0
DA:2211,0
DA:2218,0
DA:2219,0
DA:2220,0
DA:2221,0
DA:2222,0
DA:2223,0
DA:2224,0
DA:2225,0
DA:2226,0
DA:2228,0
DA:2229,0
DA:2231,0
DA:2232,0
DA:2234,0
DA:2235,0
DA:2237,0
DA:2238,0
DA:2240,0
DA:2241,0
DA:2243,0
DA:2244,0
DA:2246,0
DA:2247,0
DA:2249,0
DA:2252,0
DA:2253,0
DA:2257,0
DA:2258,0
DA:2259,0
DA:2260,0
DA:2261,0
DA:2264,0
DA:2265,0
DA:2266,0
DA:2269,0
DA:2270,0
DA:2271,0
DA:2274,0
DA:2275,0
DA:2276,0
DA:2279,0
DA:2280,0
DA:2281,0
DA:2283,0
DA:2294,0
DA:2296,0
DA:2297,0
DA:2299,0
DA:2301,0
DA:2302,0
DA:2306,0
DA:2309,0
DA:2310,0
DA:2311,0
DA:2314,0
DA:2318,0
DA:2319,0
DA:2320,0
DA:2322,0
DA:2323,0
DA:2325,0
DA:2326,0
DA:2330,0
DA:2331,0
DA:2332,0
DA:2333,0
DA:2337,0
DA:2338,0
DA:2339,0
DA:2340,0
DA:2341,0
DA:2342,0
DA:2343,0
DA:2344,0
DA:2346,0
DA:2348,0
DA:2349,0
DA:2350,0
DA:2351,0
DA:2352,0
DA:2354,0
DA:2358,0
DA:2359,0
DA:2360,0
DA:2361,0
DA:2362,0
DA:2363,0
DA:2364,0
DA:2366,0
DA:2368,0
DA:2369,0
DA:2370,0
DA:2371,0
DA:2372,0
DA:2374,0
DA:2378,0
DA:2379,0
DA:2380,0
DA:2381,0
DA:2382,0
DA:2383,0
DA:2384,0
DA:2386,0
DA:2389,0
DA:2390,0
DA:2391,0
DA:2392,0
DA:2394,0
DA:2400,0
DA:2401,0
DA:2402,0
DA:2403,0
DA:2405,0
DA:2406,0
DA:2407,0
DA:2408,0
DA:2411,0
DA:2412,0
DA:2414,0
DA:2415,0
DA:2418,0
DA:2423,0
LF:797
LH:0
BRDA:217,0,0,0
BRDA:217,0,1,0
BRDA:217,1,0,0
BRDA:217,1,1,0
BRDA:226,2,0,0
BRDA:226,2,1,0
BRDA:238,3,0,0
BRDA:238,3,1,0
BRDA:238,4,0,0
BRDA:238,4,1,0
BRDA:246,5,0,0
BRDA:246,5,1,0
BRDA:249,6,0,0
BRDA:249,6,1,0
BRDA:249,7,0,0
BRDA:249,7,1,0
BRDA:260,8,0,0
BRDA:260,8,1,0
BRDA:276,9,0,0
BRDA:276,9,1,0
BRDA:280,10,0,0
BRDA:280,10,1,0
BRDA:280,10,2,0
BRDA:280,10,3,0
BRDA:280,10,4,0
BRDA:282,11,0,0
BRDA:282,11,1,0
BRDA:294,12,0,0
BRDA:294,12,1,0
BRDA:306,13,0,0
BRDA:306,13,1,0
BRDA:318,14,0,0
BRDA:318,14,1,0
BRDA:330,15,0,0
BRDA:330,15,1,0
BRDA:354,16,0,0
BRDA:354,16,1,0
BRDA:354,17,0,0
BRDA:354,17,1,0
BRDA:364,18,0,0
BRDA:364,18,1,0
BRDA:394,19,0,0
BRDA:394,19,1,0
BRDA:394,20,0,0
BRDA:394,20,1,0
BRDA:402,21,0,0
BRDA:402,21,1,0
BRDA:413,22,0,0
BRDA:413,22,1,0
BRDA:413,23,0,0
BRDA:413,23,1,0
BRDA:424,24,0,0
BRDA:424,24,1,0
BRDA:424,25,0,0
BRDA:424,25,1,0
BRDA:435,26,0,0
BRDA:435,26,1,0
BRDA:435,27,0,0
BRDA:435,27,1,0
BRDA:449,28,0,0
BRDA:449,28,1,0
BRDA:449,29,0,0
BRDA:449,29,1,0
BRDA:458,30,0,0
BRDA:458,30,1,0
BRDA:467,31,0,0
BRDA:467,31,1,0
BRDA:478,32,0,0
BRDA:478,32,1,0
BRDA:498,33,0,0
BRDA:498,33,1,0
BRDA:498,34,0,0
BRDA:498,34,1,0
BRDA:508,35,0,0
BRDA:508,35,1,0
BRDA:517,36,0,0
BRDA:517,36,1,0
BRDA:517,37,0,0
BRDA:517,37,1,0
BRDA:530,38,0,0
BRDA:530,38,1,0
BRDA:530,39,0,0
BRDA:530,39,1,0
BRDA:530,39,2,0
BRDA:539,40,0,0
BRDA:539,40,1,0
BRDA:539,41,0,0
BRDA:539,41,1,0
BRDA:548,42,0,0
BRDA:548,42,1,0
BRDA:550,43,0,0
BRDA:550,43,1,0
BRDA:550,44,0,0
BRDA:550,44,1,0
BRDA:550,44,2,0
BRDA:561,45,0,0
BRDA:561,45,1,0
BRDA:573,46,0,0
BRDA:573,46,1,0
BRDA:573,47,0,0
BRDA:573,47,1,0
BRDA:583,48,0,0
BRDA:583,48,1,0
BRDA:593,49,0,0
BRDA:593,49,1,0
BRDA:612,50,0,0
BRDA:612,50,1,0
BRDA:612,51,0,0
BRDA:612,51,1,0
BRDA:622,52,0,0
BRDA:622,52,1,0
BRDA:632,53,0,0
BRDA:632,53,1,0
BRDA:650,54,0,0
BRDA:650,54,1,0
BRDA:650,55,0,0
BRDA:650,55,1,0
BRDA:654,56,0,0
BRDA:654,56,1,0
BRDA:664,57,0,0
BRDA:664,57,1,0
BRDA:664,58,0,0
BRDA:664,58,1,0
BRDA:664,58,2,0
BRDA:664,58,3,0
BRDA:686,59,0,0
BRDA:686,59,1,0
BRDA:686,60,0,0
BRDA:686,60,1,0
BRDA:696,61,0,0
BRDA:696,61,1,0
BRDA:696,62,0,0
BRDA:696,62,1,0
BRDA:696,62,2,0
BRDA:717,63,0,0
BRDA:717,63,1,0
BRDA:717,64,0,0
BRDA:717,64,1,0
BRDA:717,64,2,0
BRDA:717,64,3,0
BRDA:728,65,0,0
BRDA:728,65,1,0
BRDA:728,66,0,0
BRDA:728,66,1,0
BRDA:728,66,2,0
BRDA:738,67,0,0
BRDA:738,67,1,0
BRDA:738,68,0,0
BRDA:738,68,1,0
BRDA:741,69,0,0
BRDA:741,69,1,0
BRDA:741,70,0,0
BRDA:741,70,1,0
BRDA:741,70,2,0
BRDA:741,70,3,0
BRDA:760,71,0,0
BRDA:760,71,1,0
BRDA:760,72,0,0
BRDA:760,72,1,0
BRDA:762,73,0,0
BRDA:762,73,1,0
BRDA:762,74,0,0
BRDA:762,74,1,0
BRDA:764,75,0,0
BRDA:764,75,1,0
BRDA:765,76,0,0
BRDA:765,76,1,0
BRDA:765,77,0,0
BRDA:765,77,1,0
BRDA:775,78,0,0
BRDA:775,78,1,0
BRDA:790,79,0,0
BRDA:790,79,1,0
BRDA:790,80,0,0
BRDA:790,80,1,0
BRDA:790,80,2,0
BRDA:790,80,3,0
BRDA:806,81,0,0
BRDA:806,81,1,0
BRDA:806,82,0,0
BRDA:806,82,1,0
BRDA:816,83,0,0
BRDA:816,83,1,0
BRDA:835,84,0,0
BRDA:835,84,1,0
BRDA:835,85,0,0
BRDA:835,85,1,0
BRDA:855,86,0,0
BRDA:855,86,1,0
BRDA:864,87,0,0
BRDA:864,87,1,0
BRDA:881,88,0,0
BRDA:881,88,1,0
BRDA:883,89,0,0
BRDA:883,89,1,0
BRDA:905,90,0,0
BRDA:905,90,1,0
BRDA:920,91,0,0
BRDA:920,91,1,0
BRDA:920,92,0,0
BRDA:920,92,1,0
BRDA:921,93,0,0
BRDA:921,93,1,0
BRDA:922,94,0,0
BRDA:922,94,1,0
BRDA:931,95,0,0
BRDA:931,95,1,0
BRDA:940,96,0,0
BRDA:940,96,1,0
BRDA:947,97,0,0
BRDA:947,97,1,0
BRDA:950,98,0,0
BRDA:950,98,1,0
BRDA:950,99,0,0
BRDA:950,99,1,0
BRDA:960,100,0,0
BRDA:960,100,1,0
BRDA:983,101,0,0
BRDA:983,101,1,0
BRDA:1000,102,0,0
BRDA:1000,102,1,0
BRDA:1010,103,0,0
BRDA:1010,103,1,0
BRDA:1020,104,0,0
BRDA:1020,104,1,0
BRDA:1032,105,0,0
BRDA:1032,105,1,0
BRDA:1032,106,0,0
BRDA:1032,106,1,0
BRDA:1047,107,0,0
BRDA:1047,107,1,0
BRDA:1047,108,0,0
BRDA:1047,108,1,0
BRDA:1048,109,0,0
BRDA:1048,109,1,0
BRDA:1050,110,0,0
BRDA:1050,110,1,0
BRDA:1061,111,0,0
BRDA:1061,111,1,0
BRDA:1061,112,0,0
BRDA:1061,112,1,0
BRDA:1062,113,0,0
BRDA:1062,113,1,0
BRDA:1064,114,0,0
BRDA:1064,114,1,0
BRDA:1075,115,0,0
BRDA:1075,115,1,0
BRDA:1082,116,0,0
BRDA:1082,116,1,0
BRDA:1090,117,0,0
BRDA:1090,117,1,0
BRDA:1106,118,0,0
BRDA:1106,118,1,0
BRDA:1116,119,0,0
BRDA:1116,119,1,0
BRDA:1116,120,0,0
BRDA:1116,120,1,0
BRDA:1126,121,0,0
BRDA:1126,121,1,0
BRDA:1126,122,0,0
BRDA:1126,122,1,0
BRDA:1126,122,2,0
BRDA:1148,123,0,0
BRDA:1148,123,1,0
BRDA:1148,124,0,0
BRDA:1148,124,1,0
BRDA:1157,125,0,0
BRDA:1157,125,1,0
BRDA:1157,126,0,0
BRDA:1157,126,1,0
BRDA:1160,127,0,0
BRDA:1160,127,1,0
BRDA:1172,128,0,0
BRDA:1172,128,1,0
BRDA:1191,129,0,0
BRDA:1191,129,1,0
BRDA:1193,130,0,0
BRDA:1193,130,1,0
BRDA:1201,131,0,0
BRDA:1201,131,1,0
BRDA:1201,132,0,0
BRDA:1201,132,1,0
BRDA:1201,132,2,0
BRDA:1211,133,0,0
BRDA:1211,133,1,0
BRDA:1211,134,0,0
BRDA:1211,134,1,0
BRDA:1211,134,2,0
BRDA:1221,135,0,0
BRDA:1221,135,1,0
BRDA:1221,136,0,0
BRDA:1221,136,1,0
BRDA:1221,136,2,0
BRDA:1235,137,0,0
BRDA:1235,137,1,0
BRDA:1235,138,0,0
BRDA:1235,138,1,0
BRDA:1235,138,2,0
BRDA:1245,139,0,0
BRDA:1245,139,1,0
BRDA:1245,140,0,0
BRDA:1245,140,1,0
BRDA:1245,140,2,0
BRDA:1255,141,0,0
BRDA:1255,141,1,0
BRDA:1255,142,0,0
BRDA:1255,142,1,0
BRDA:1255,142,2,0
BRDA:1266,143,0,0
BRDA:1266,143,1,0
BRDA:1275,144,0,0
BRDA:1275,144,1,0
BRDA:1285,145,0,0
BRDA:1285,145,1,0
BRDA:1285,146,0,0
BRDA:1285,146,1,0
BRDA:1285,146,2,0
BRDA:1287,147,0,0
BRDA:1287,147,1,0
BRDA:1287,148,0,0
BRDA:1287,148,1,0
BRDA:1287,148,2,0
BRDA:1293,149,0,0
BRDA:1293,149,1,0
BRDA:1304,150,0,0
BRDA:1304,150,1,0
BRDA:1304,151,0,0
BRDA:1304,151,1,0
BRDA:1315,152,0,0
BRDA:1315,152,1,0
BRDA:1315,153,0,0
BRDA:1315,153,1,0
BRDA:1327,154,0,0
BRDA:1327,154,1,0
BRDA:1340,155,0,0
BRDA:1340,155,1,0
BRDA:1351,156,0,0
BRDA:1351,156,1,0
BRDA:1371,157,0,0
BRDA:1371,157,1,0
BRDA:1373,158,0,0
BRDA:1373,158,1,0
BRDA:1377,159,0,0
BRDA:1377,159,1,0
BRDA:1380,160,0,0
BRDA:1380,160,1,0
BRDA:1385,161,0,0
BRDA:1385,161,1,0
BRDA:1402,162,0,0
BRDA:1402,162,1,0
BRDA:1402,163,0,0
BRDA:1402,163,1,0
BRDA:1408,164,0,0
BRDA:1408,164,1,0
BRDA:1427,165,0,0
BRDA:1427,165,1,0
BRDA:1427,166,0,0
BRDA:1427,166,1,0
BRDA:1433,167,0,0
BRDA:1433,167,1,0
BRDA:1453,168,0,0
BRDA:1453,168,1,0
BRDA:1456,169,0,0
BRDA:1456,169,1,0
BRDA:1473,170,0,0
BRDA:1473,170,1,0
BRDA:1473,171,0,0
BRDA:1473,171,1,0
BRDA:1479,172,0,0
BRDA:1479,172,1,0
BRDA:1498,173,0,0
BRDA:1498,173,1,0
BRDA:1498,174,0,0
BRDA:1498,174,1,0
BRDA:1507,175,0,0
BRDA:1507,175,1,0
BRDA:1511,176,0,0
BRDA:1511,176,1,0
BRDA:1535,177,0,0
BRDA:1535,177,1,0
BRDA:1535,178,0,0
BRDA:1535,178,1,0
BRDA:1544,179,0,0
BRDA:1544,179,1,0
BRDA:1548,180,0,0
BRDA:1548,180,1,0
BRDA:1571,181,0,0
BRDA:1571,181,1,0
BRDA:1571,182,0,0
BRDA:1571,182,1,0
BRDA:1577,183,0,0
BRDA:1577,183,1,0
BRDA:1597,184,0,0
BRDA:1597,184,1,0
BRDA:1597,185,0,0
BRDA:1597,185,1,0
BRDA:1612,186,0,0
BRDA:1612,186,1,0
BRDA:1614,187,0,0
BRDA:1614,187,1,0
BRDA:1614,188,0,0
BRDA:1614,188,1,0
BRDA:1614,188,2,0
BRDA:1616,189,0,0
BRDA:1616,189,1,0
BRDA:1616,190,0,0
BRDA:1616,190,1,0
BRDA:1627,191,0,0
BRDA:1627,191,1,0
BRDA:1629,192,0,0
BRDA:1629,192,1,0
BRDA:1629,193,0,0
BRDA:1629,193,1,0
BRDA:1629,193,2,0
BRDA:1631,194,0,0
BRDA:1631,194,1,0
BRDA:1631,195,0,0
BRDA:1631,195,1,0
BRDA:1642,196,0,0
BRDA:1642,196,1,0
BRDA:1644,197,0,0
BRDA:1644,197,1,0
BRDA:1644,198,0,0
BRDA:1644,198,1,0
BRDA:1644,198,2,0
BRDA:1646,199,0,0
BRDA:1646,199,1,0
BRDA:1646,200,0,0
BRDA:1646,200,1,0
BRDA:1660,201,0,0
BRDA:1660,201,1,0
BRDA:1660,202,0,0
BRDA:1660,202,1,0
BRDA:1669,203,0,0
BRDA:1669,203,1,0
BRDA:1698,204,0,0
BRDA:1698,204,1,0
BRDA:1777,205,0,0
BRDA:1777,205,1,0
BRDA:1778,206,0,0
BRDA:1778,206,1,0
BRDA:1779,207,0,0
BRDA:1779,207,1,0
BRDA:1782,208,0,0
BRDA:1782,208,1,0
BRDA:1783,209,0,0
BRDA:1783,209,1,0
BRDA:1784,210,0,0
BRDA:1784,210,1,0
BRDA:1786,211,0,0
BRDA:1786,211,1,0
BRDA:1787,212,0,0
BRDA:1787,212,1,0
BRDA:1788,213,0,0
BRDA:1788,213,1,0
BRDA:1790,214,0,0
BRDA:1790,214,1,0
BRDA:1791,215,0,0
BRDA:1791,215,1,0
BRDA:1792,216,0,0
BRDA:1792,216,1,0
BRDA:1794,217,0,0
BRDA:1794,217,1,0
BRDA:1795,218,0,0
BRDA:1795,218,1,0
BRDA:1796,219,0,0
BRDA:1796,219,1,0
BRDA:1797,220,0,0
BRDA:1797,220,1,0
BRDA:1799,221,0,0
BRDA:1799,221,1,0
BRDA:1800,222,0,0
BRDA:1800,222,1,0
BRDA:1801,223,0,0
BRDA:1801,223,1,0
BRDA:1803,224,0,0
BRDA:1803,224,1,0
BRDA:1812,225,0,0
BRDA:1812,225,1,0
BRDA:1815,226,0,0
BRDA:1815,226,1,0
BRDA:1816,227,0,0
BRDA:1816,227,1,0
BRDA:1817,228,0,0
BRDA:1817,228,1,0
BRDA:1818,229,0,0
BRDA:1818,229,1,0
BRDA:1819,230,0,0
BRDA:1819,230,1,0
BRDA:1820,231,0,0
BRDA:1820,231,1,0
BRDA:1822,232,0,0
BRDA:1822,232,1,0
BRDA:1823,233,0,0
BRDA:1823,233,1,0
BRDA:1824,234,0,0
BRDA:1824,234,1,0
BRDA:1842,235,0,0
BRDA:1842,235,1,0
BRDA:1845,236,0,0
BRDA:1845,236,1,0
BRDA:1847,237,0,0
BRDA:1847,237,1,0
BRDA:1848,238,0,0
BRDA:1848,238,1,0
BRDA:1850,239,0,0
BRDA:1850,239,1,0
BRDA:1855,240,0,0
BRDA:1855,240,1,0
BRDA:1861,241,0,0
BRDA:1861,241,1,0
BRDA:1866,242,0,0
BRDA:1866,242,1,0
BRDA:1882,243,0,0
BRDA:1882,243,1,0
BRDA:1901,244,0,0
BRDA:1901,244,1,0
BRDA:1902,245,0,0
BRDA:1902,245,1,0
BRDA:1903,246,0,0
BRDA:1903,246,1,0
BRDA:1904,247,0,0
BRDA:1904,247,1,0
BRDA:1905,248,0,0
BRDA:1905,248,1,0
BRDA:1906,249,0,0
BRDA:1906,249,1,0
BRDA:1907,250,0,0
BRDA:1907,250,1,0
BRDA:1908,251,0,0
BRDA:1908,251,1,0
BRDA:1912,252,0,0
BRDA:1912,252,1,0
BRDA:1912,253,0,0
BRDA:1912,253,1,0
BRDA:1922,254,0,0
BRDA:1922,254,1,0
BRDA:1925,255,0,0
BRDA:1925,255,1,0
BRDA:1927,256,0,0
BRDA:1927,256,1,0
BRDA:1929,257,0,0
BRDA:1929,257,1,0
BRDA:1930,258,0,0
BRDA:1930,258,1,0
BRDA:1938,259,0,0
BRDA:1938,259,1,0
BRDA:1944,260,0,0
BRDA:1944,260,1,0
BRDA:1950,261,0,0
BRDA:1950,261,1,0
BRDA:1957,262,0,0
BRDA:1957,262,1,0
BRDA:1958,263,0,0
BRDA:1958,263,1,0
BRDA:1959,264,0,0
BRDA:1959,264,1,0
BRDA:1962,265,0,0
BRDA:1962,265,1,0
BRDA:1967,266,0,0
BRDA:1967,266,1,0
BRDA:1967,267,0,0
BRDA:1967,267,1,0
BRDA:1970,268,0,0
BRDA:1970,268,1,0
BRDA:1973,269,0,0
BRDA:1973,269,1,0
BRDA:1990,270,0,0
BRDA:1990,270,1,0
BRDA:1990,271,0,0
BRDA:1990,271,1,0
BRDA:1991,272,0,0
BRDA:1991,272,1,0
BRDA:1991,273,0,0
BRDA:1991,273,1,0
BRDA:1994,274,0,0
BRDA:1994,274,1,0
BRDA:1997,275,0,0
BRDA:1997,275,1,0
BRDA:1997,276,0,0
BRDA:1997,276,1,0
BRDA:2208,277,0,0
BRDA:2208,277,1,0
BRDA:2208,278,0,0
BRDA:2208,278,1,0
BRDA:2228,279,0,0
BRDA:2228,279,1,0
BRDA:2229,280,0,0
BRDA:2229,280,1,0
BRDA:2229,280,2,0
BRDA:2229,280,3,0
BRDA:2229,280,4,0
BRDA:2246,281,0,0
BRDA:2246,281,1,0
BRDA:2259,282,0,0
BRDA:2259,282,1,0
BRDA:2259,283,0,0
BRDA:2259,283,1,0
BRDA:2259,283,2,0
BRDA:2260,284,0,0
BRDA:2260,284,1,0
BRDA:2260,285,0,0
BRDA:2260,285,1,0
BRDA:2260,285,2,0
BRDA:2261,286,0,0
BRDA:2261,286,1,0
BRDA:2261,287,0,0
BRDA:2261,287,1,0
BRDA:2261,287,2,0
BRDA:2261,287,3,0
BRDA:2261,287,4,0
BRDA:2264,288,0,0
BRDA:2264,288,1,0
BRDA:2265,289,0,0
BRDA:2265,289,1,0
BRDA:2266,290,0,0
BRDA:2266,290,1,0
BRDA:2274,291,0,0
BRDA:2274,291,1,0
BRDA:2274,292,0,0
BRDA:2274,292,1,0
BRDA:2279,293,0,0
BRDA:2279,293,1,0
BRDA:2284,294,0,0
BRDA:2284,294,1,0
BRDA:2285,295,0,0
BRDA:2285,295,1,0
BRDA:2286,296,0,0
BRDA:2286,296,1,0
BRDA:2296,297,0,0
BRDA:2296,297,1,0
BRDA:2297,298,0,0
BRDA:2297,298,1,0
BRDA:2301,299,0,0
BRDA:2301,299,1,0
BRDA:2302,300,0,0
BRDA:2302,300,1,0
BRDA:2306,301,0,0
BRDA:2306,301,1,0
BRDA:2306,302,0,0
BRDA:2306,302,1,0
BRDA:2309,303,0,0
BRDA:2309,303,1,0
BRDA:2311,304,0,0
BRDA:2311,304,1,0
BRDA:2311,305,0,0
BRDA:2311,305,1,0
BRDA:2314,306,0,0
BRDA:2314,306,1,0
BRDA:2319,307,0,0
BRDA:2319,307,1,0
BRDA:2319,308,0,0
BRDA:2319,308,1,0
BRDA:2322,309,0,0
BRDA:2322,309,1,0
BRDA:2322,310,0,0
BRDA:2322,310,1,0
BRDA:2325,311,0,0
BRDA:2325,311,1,0
BRDA:2325,312,0,0
BRDA:2325,312,1,0
BRDA:2332,313,0,0
BRDA:2332,313,1,0
BRDA:2338,314,0,0
BRDA:2338,314,1,0
BRDA:2338,315,0,0
BRDA:2338,315,1,0
BRDA:2339,316,0,0
BRDA:2339,316,1,0
BRDA:2339,317,0,0
BRDA:2339,317,1,0
BRDA:2339,317,2,0
BRDA:2341,318,0,0
BRDA:2341,318,1,0
BRDA:2342,319,0,0
BRDA:2342,319,1,0
BRDA:2343,320,0,0
BRDA:2343,320,1,0
BRDA:2348,321,0,0
BRDA:2348,321,1,0
BRDA:2350,322,0,0
BRDA:2350,322,1,0
BRDA:2351,323,0,0
BRDA:2351,323,1,0
BRDA:2358,324,0,0
BRDA:2358,324,1,0
BRDA:2358,325,0,0
BRDA:2358,325,1,0
BRDA:2359,326,0,0
BRDA:2359,326,1,0
BRDA:2359,327,0,0
BRDA:2359,327,1,0
BRDA:2359,327,2,0
BRDA:2361,328,0,0
BRDA:2361,328,1,0
BRDA:2362,329,0,0
BRDA:2362,329,1,0
BRDA:2363,330,0,0
BRDA:2363,330,1,0
BRDA:2368,331,0,0
BRDA:2368,331,1,0
BRDA:2370,332,0,0
BRDA:2370,332,1,0
BRDA:2371,333,0,0
BRDA:2371,333,1,0
BRDA:2378,334,0,0
BRDA:2378,334,1,0
BRDA:2378,335,0,0
BRDA:2378,335,1,0
BRDA:2379,336,0,0
BRDA:2379,336,1,0
BRDA:2379,337,0,0
BRDA:2379,337,1,0
BRDA:2379,337,2,0
BRDA:2381,338,0,0
BRDA:2381,338,1,0
BRDA:2382,339,0,0
BRDA:2382,339,1,0
BRDA:2383,340,0,0
BRDA:2383,340,1,0
BRDA:2390,341,0,0
BRDA:2390,341,1,0
BRDA:2391,342,0,0
BRDA:2391,342,1,0
BRDA:2400,343,0,0
BRDA:2400,343,1,0
BRDA:2400,344,0,0
BRDA:2400,344,1,0
BRF:728
BRH:0
end_of_record
TN:
SF:C:\Users\arussell\Documents\Repos\NMDS\server\models\BulkImport\csv\metaData.js
FN:2,(anonymous_0)
FN:13,(anonymous_1)
FN:16,(anonymous_2)
FN:19,(anonymous_3)
FN:22,(anonymous_4)
FN:25,(anonymous_5)
FN:28,(anonymous_6)
FN:31,(anonymous_7)
FN:34,(anonymous_8)
FN:38,(anonymous_9)
FN:42,(anonymous_10)
FN:46,(anonymous_11)
FN:50,(anonymous_12)
FN:54,(anonymous_13)
FN:58,(anonymous_14)
FN:62,(anonymous_15)
FN:66,(anonymous_16)
FN:70,(anonymous_17)
FNF:18
FNH:0
FNDA:0,(anonymous_0)
FNDA:0,(anonymous_1)
FNDA:0,(anonymous_2)
FNDA:0,(anonymous_3)
FNDA:0,(anonymous_4)
FNDA:0,(anonymous_5)
FNDA:0,(anonymous_6)
FNDA:0,(anonymous_7)
FNDA:0,(anonymous_8)
FNDA:0,(anonymous_9)
FNDA:0,(anonymous_10)
FNDA:0,(anonymous_11)
FNDA:0,(anonymous_12)
FNDA:0,(anonymous_13)
FNDA:0,(anonymous_14)
FNDA:0,(anonymous_15)
FNDA:0,(anonymous_16)
FNDA:0,(anonymous_17)
DA:3,0
DA:4,0
DA:5,0
DA:6,0
DA:7,0
DA:8,0
DA:9,0
DA:10,0
DA:14,0
DA:17,0
DA:20,0
DA:23,0
DA:26,0
DA:29,0
DA:32,0
DA:35,0
DA:39,0
DA:43,0
DA:47,0
DA:51,0
DA:55,0
DA:59,0
DA:63,0
DA:67,0
DA:71,0
DA:83,0
LF:26
LH:0
BRDA:72,0,0,0
BRDA:72,0,1,0
BRDA:73,1,0,0
BRDA:73,1,1,0
BRDA:74,2,0,0
BRDA:74,2,1,0
BRDA:75,3,0,0
BRDA:75,3,1,0
BRDA:76,4,0,0
BRDA:76,4,1,0
BRDA:77,5,0,0
BRDA:77,5,1,0
BRDA:78,6,0,0
BRDA:78,6,1,0
BRF:14
BRH:0
end_of_record
TN:
SF:C:\Users\arussell\Documents\Repos\NMDS\server\models\BulkImport\csv\training.js
FN:5,(anonymous_0)
FN:21,(anonymous_1)
FN:22,(anonymous_2)
FN:23,(anonymous_3)
FN:24,(anonymous_4)
FN:25,(anonymous_5)
FN:26,(anonymous_6)
FN:27,(anonymous_7)
FN:28,(anonymous_8)
FN:29,(anonymous_9)
FN:30,(anonymous_10)
FN:31,(anonymous_11)
FN:32,(anonymous_12)
FN:34,(anonymous_13)
FN:35,(anonymous_14)
FN:36,(anonymous_15)
FN:37,(anonymous_16)
FN:38,(anonymous_17)
FN:39,(anonymous_18)
FN:41,(anonymous_19)
FN:45,(anonymous_20)
FN:49,(anonymous_21)
FN:53,(anonymous_22)
FN:57,(anonymous_23)
FN:61,(anonymous_24)
FN:65,(anonymous_25)
FN:69,(anonymous_26)
FN:73,(anonymous_27)
FN:77,(anonymous_28)
FN:81,(anonymous_29)
FN:85,(anonymous_30)
FN:117,(anonymous_31)
FN:149,(anonymous_32)
FN:198,(anonymous_33)
FN:249,(anonymous_34)
FN:281,(anonymous_35)
FN:300,(anonymous_36)
FN:330,(anonymous_37)
FN:349,(anonymous_38)
FN:372,(anonymous_39)
FN:376,(anonymous_40)
FN:381,(anonymous_41)
FN:399,(anonymous_42)
FN:412,(anonymous_43)
FN:426,(anonymous_44)
FN:440,(anonymous_45)
FN:454,(anonymous_46)
FN:462,(anonymous_47)
FN:475,(anonymous_48)
FN:490,(anonymous_49)
FN:492,(anonymous_50)
FN:501,(anonymous_51)
FN:603,(anonymous_52)
FN:612,(anonymous_53)
FN:623,(anonymous_54)
FNF:55
FNH:0
FNDA:0,(anonymous_0)
FNDA:0,(anonymous_1)
FNDA:0,(anonymous_2)
FNDA:0,(anonymous_3)
FNDA:0,(anonymous_4)
FNDA:0,(anonymous_5)
FNDA:0,(anonymous_6)
FNDA:0,(anonymous_7)
FNDA:0,(anonymous_8)
FNDA:0,(anonymous_9)
FNDA:0,(anonymous_10)
FNDA:0,(anonymous_11)
FNDA:0,(anonymous_12)
FNDA:0,(anonymous_13)
FNDA:0,(anonymous_14)
FNDA:0,(anonymous_15)
FNDA:0,(anonymous_16)
FNDA:0,(anonymous_17)
FNDA:0,(anonymous_18)
FNDA:0,(anonymous_19)
FNDA:0,(anonymous_20)
FNDA:0,(anonymous_21)
FNDA:0,(anonymous_22)
FNDA:0,(anonymous_23)
FNDA:0,(anonymous_24)
FNDA:0,(anonymous_25)
FNDA:0,(anonymous_26)
FNDA:0,(anonymous_27)
FNDA:0,(anonymous_28)
FNDA:0,(anonymous_29)
FNDA:0,(anonymous_30)
FNDA:0,(anonymous_31)
FNDA:0,(anonymous_32)
FNDA:0,(anonymous_33)
FNDA:0,(anonymous_34)
FNDA:0,(anonymous_35)
FNDA:0,(anonymous_36)
FNDA:0,(anonymous_37)
FNDA:0,(anonymous_38)
FNDA:0,(anonymous_39)
FNDA:0,(anonymous_40)
FNDA:0,(anonymous_41)
FNDA:0,(anonymous_42)
FNDA:0,(anonymous_43)
FNDA:0,(anonymous_44)
FNDA:0,(anonymous_45)
FNDA:0,(anonymous_46)
FNDA:0,(anonymous_47)
FNDA:0,(anonymous_48)
FNDA:0,(anonymous_49)
FNDA:0,(anonymous_50)
FNDA:0,(anonymous_51)
FNDA:0,(anonymous_52)
FNDA:0,(anonymous_53)
FNDA:0,(anonymous_54)
DA:1,0
DA:2,0
DA:6,0
DA:7,0
DA:8,0
DA:9,0
DA:11,0
DA:12,0
DA:13,0
DA:14,0
DA:15,0
DA:16,0
DA:17,0
DA:18,0
DA:21,0
DA:22,0
DA:23,0
DA:24,0
DA:25,0
DA:26,0
DA:27,0
DA:28,0
DA:29,0
DA:30,0
DA:31,0
DA:32,0
DA:34,0
DA:35,0
DA:36,0
DA:37,0
DA:38,0
DA:39,0
DA:42,0
DA:46,0
DA:50,0
DA:54,0
DA:58,0
DA:62,0
DA:66,0
DA:70,0
DA:74,0
DA:78,0
DA:82,0
DA:86,0
DA:87,0
DA:89,0
DA:90,0
DA:99,0
DA:100,0
DA:101,0
DA:110,0
DA:112,0
DA:113,0
DA:118,0
DA:119,0
DA:121,0
DA:122,0
DA:131,0
DA:132,0
DA:133,0
DA:142,0
DA:144,0
DA:145,0
DA:151,0
DA:152,0
DA:153,0
DA:155,0
DA:156,0
DA:157,0
DA:166,0
DA:167,0
DA:168,0
DA:177,0
DA:178,0
DA:179,0
DA:188,0
DA:190,0
DA:191,0
DA:194,0
DA:200,0
DA:201,0
DA:202,0
DA:203,0
DA:204,0
DA:206,0
DA:207,0
DA:208,0
DA:217,0
DA:218,0
DA:219,0
DA:228,0
DA:229,0
DA:230,0
DA:239,0
DA:241,0
DA:242,0
DA:245,0
DA:250,0
DA:251,0
DA:253,0
DA:254,0
DA:263,0
DA:264,0
DA:265,0
DA:274,0
DA:276,0
DA:277,0
DA:282,0
DA:283,0
DA:284,0
DA:293,0
DA:295,0
DA:296,0
DA:301,0
DA:302,0
DA:303,0
DA:304,0
DA:313,0
DA:315,0
DA:317,0
DA:318,0
DA:320,0
DA:321,0
DA:323,0
DA:324,0
DA:326,0
DA:331,0
DA:332,0
DA:333,0
DA:334,0
DA:344,0
DA:350,0
DA:351,0
DA:353,0
DA:354,0
DA:355,0
DA:364,0
DA:366,0
DA:367,0
DA:373,0
DA:377,0
DA:378,0
DA:383,0
DA:384,0
DA:393,0
DA:395,0
DA:400,0
DA:413,0
DA:427,0
DA:441,0
DA:442,0
DA:443,0
DA:444,0
DA:445,0
DA:446,0
DA:447,0
DA:448,0
DA:449,0
DA:451,0
DA:455,0
DA:457,0
DA:459,0
DA:463,0
DA:476,0
DA:487,0
DA:492,0
DA:493,0
DA:604,0
DA:605,0
DA:607,0
DA:613,0
DA:614,0
DA:616,0
DA:618,0
DA:625,0
DA:626,0
DA:627,0
DA:629,0
DA:630,0
DA:632,0
DA:633,0
DA:635,0
DA:637,0
DA:638,0
DA:640,0
DA:641,0
DA:643,0
DA:644,0
DA:646,0
DA:647,0
DA:649,0
DA:651,0
DA:655,0
LF:193
LH:0
BRDA:89,0,0,0
BRDA:89,0,1,0
BRDA:89,1,0,0
BRDA:89,1,1,0
BRDA:100,2,0,0
BRDA:100,2,1,0
BRDA:121,3,0,0
BRDA:121,3,1,0
BRDA:121,4,0,0
BRDA:121,4,1,0
BRDA:132,5,0,0
BRDA:132,5,1,0
BRDA:155,6,0,0
BRDA:155,6,1,0
BRDA:156,7,0,0
BRDA:156,7,1,0
BRDA:167,8,0,0
BRDA:167,8,1,0
BRDA:178,9,0,0
BRDA:178,9,1,0
BRDA:206,10,0,0
BRDA:206,10,1,0
BRDA:207,11,0,0
BRDA:207,11,1,0
BRDA:218,12,0,0
BRDA:218,12,1,0
BRDA:229,13,0,0
BRDA:229,13,1,0
BRDA:253,14,0,0
BRDA:253,14,1,0
BRDA:253,15,0,0
BRDA:253,15,1,0
BRDA:264,16,0,0
BRDA:264,16,1,0
BRDA:283,17,0,0
BRDA:283,17,1,0
BRDA:283,18,0,0
BRDA:283,18,1,0
BRDA:303,19,0,0
BRDA:303,19,1,0
BRDA:303,20,0,0
BRDA:303,20,1,0
BRDA:315,21,0,0
BRDA:315,21,1,0
BRDA:315,21,2,0
BRDA:331,22,0,0
BRDA:331,22,1,0
BRDA:333,23,0,0
BRDA:333,23,1,0
BRDA:353,24,0,0
BRDA:353,24,1,0
BRDA:353,25,0,0
BRDA:353,25,1,0
BRDA:354,26,0,0
BRDA:354,26,1,0
BRDA:383,27,0,0
BRDA:383,27,1,0
BRDA:442,28,0,0
BRDA:442,28,1,0
BRDA:443,29,0,0
BRDA:443,29,1,0
BRDA:444,30,0,0
BRDA:444,30,1,0
BRDA:445,31,0,0
BRDA:445,31,1,0
BRDA:446,32,0,0
BRDA:446,32,1,0
BRDA:447,33,0,0
BRDA:447,33,1,0
BRDA:448,34,0,0
BRDA:448,34,1,0
BRDA:449,35,0,0
BRDA:449,35,1,0
BRDA:457,36,0,0
BRDA:457,36,1,0
BRDA:466,37,0,0
BRDA:466,37,1,0
BRDA:467,38,0,0
BRDA:467,38,1,0
BRDA:480,39,0,0
BRDA:480,39,1,0
BRDA:481,40,0,0
BRDA:481,40,1,0
BRDA:482,41,0,0
BRDA:482,41,1,0
BRDA:483,42,0,0
BRDA:483,42,1,0
BRDA:484,43,0,0
BRDA:484,43,1,0
BRDA:604,44,0,0
BRDA:604,44,1,0
BRDA:613,45,0,0
BRDA:613,45,1,0
BRDA:630,46,0,0
BRDA:630,46,1,0
BRDA:635,47,0,0
BRDA:635,47,1,0
BRDA:635,47,2,0
BRDA:635,47,3,0
BRDA:649,48,0,0
BRDA:649,48,1,0
BRF:101
BRH:0
end_of_record
TN:
SF:C:\Users\arussell\Documents\Repos\NMDS\server\models\BulkImport\csv\workers.js
FN:7,(anonymous_0)
FN:76,(anonymous_1)
FN:77,(anonymous_2)
FN:78,(anonymous_3)
FN:80,(anonymous_4)
FN:81,(anonymous_5)
FN:82,(anonymous_6)
FN:83,(anonymous_7)
FN:84,(anonymous_8)
FN:86,(anonymous_9)
FN:87,(anonymous_10)
FN:88,(anonymous_11)
FN:89,(anonymous_12)
FN:90,(anonymous_13)
FN:91,(anonymous_14)
FN:92,(anonymous_15)
FN:93,(anonymous_16)
FN:94,(anonymous_17)
FN:95,(anonymous_18)
FN:96,(anonymous_19)
FN:97,(anonymous_20)
FN:98,(anonymous_21)
FN:99,(anonymous_22)
FN:100,(anonymous_23)
FN:101,(anonymous_24)
FN:102,(anonymous_25)
FN:103,(anonymous_26)
FN:104,(anonymous_27)
FN:105,(anonymous_28)
FN:106,(anonymous_29)
FN:107,(anonymous_30)
FN:108,(anonymous_31)
FN:109,(anonymous_32)
FN:110,(anonymous_33)
FN:111,(anonymous_34)
FN:112,(anonymous_35)
FN:113,(anonymous_36)
FN:114,(anonymous_37)
FN:115,(anonymous_38)
FN:117,(anonymous_39)
FN:118,(anonymous_40)
FN:120,(anonymous_41)
FN:122,(anonymous_42)
FN:124,(anonymous_43)
FN:125,(anonymous_44)
FN:126,(anonymous_45)
FN:127,(anonymous_46)
FN:128,(anonymous_47)
FN:129,(anonymous_48)
FN:130,(anonymous_49)
FN:131,(anonymous_50)
FN:132,(anonymous_51)
FN:133,(anonymous_52)
FN:134,(anonymous_53)
FN:135,(anonymous_54)
FN:136,(anonymous_55)
FN:137,(anonymous_56)
FN:138,(anonymous_57)
FN:139,(anonymous_58)
FN:140,(anonymous_59)
FN:141,(anonymous_60)
FN:142,(anonymous_61)
FN:143,(anonymous_62)
FN:144,(anonymous_63)
FN:145,(anonymous_64)
FN:146,(anonymous_65)
FN:147,(anonymous_66)
FN:148,(anonymous_67)
FN:149,(anonymous_68)
FN:150,(anonymous_69)
FN:151,(anonymous_70)
FN:152,(anonymous_71)
FN:153,(anonymous_72)
FN:154,(anonymous_73)
FN:156,(anonymous_74)
FN:157,(anonymous_75)
FN:159,(anonymous_76)
FN:161,(anonymous_77)
FN:163,(anonymous_78)
FN:164,(anonymous_79)
FN:165,(anonymous_80)
FN:166,(anonymous_81)
FN:167,(anonymous_82)
FN:168,(anonymous_83)
FN:170,(anonymous_84)
FN:171,(anonymous_85)
FN:172,(anonymous_86)
FN:173,(anonymous_87)
FN:174,(anonymous_88)
FN:175,(anonymous_89)
FN:176,(anonymous_90)
FN:178,(anonymous_91)
FN:180,(anonymous_92)
FN:194,(anonymous_93)
FN:198,(anonymous_94)
FN:202,(anonymous_95)
FN:206,(anonymous_96)
FN:210,(anonymous_97)
FN:214,(anonymous_98)
FN:218,(anonymous_99)
FN:222,(anonymous_100)
FN:226,(anonymous_101)
FN:230,(anonymous_102)
FN:234,(anonymous_103)
FN:238,(anonymous_104)
FN:242,(anonymous_105)
FN:246,(anonymous_106)
FN:250,(anonymous_107)
FN:254,(anonymous_108)
FN:258,(anonymous_109)
FN:262,(anonymous_110)
FN:266,(anonymous_111)
FN:270,(anonymous_112)
FN:274,(anonymous_113)
FN:278,(anonymous_114)
FN:282,(anonymous_115)
FN:286,(anonymous_116)
FN:290,(anonymous_117)
FN:294,(anonymous_118)
FN:298,(anonymous_119)
FN:302,(anonymous_120)
FN:306,(anonymous_121)
FN:310,(anonymous_122)
FN:314,(anonymous_123)
FN:318,(anonymous_124)
FN:322,(anonymous_125)
FN:342,(anonymous_126)
FN:376,(anonymous_127)
FN:414,(anonymous_128)
FN:437,(anonymous_129)
FN:455,(anonymous_130)
FN:456,(anonymous_131)
FN:556,(anonymous_132)
FN:588,(anonymous_133)
FN:611,(anonymous_134)
FN:643,(anonymous_135)
FN:690,(anonymous_136)
FN:727,(anonymous_137)
FN:752,(anonymous_138)
FN:799,(anonymous_139)
FN:869,(anonymous_140)
FN:908,(anonymous_141)
FN:943,(anonymous_142)
FN:964,(anonymous_143)
FN:1035,(anonymous_144)
FN:1091,(anonymous_145)
FN:1127,(anonymous_146)
FN:1193,(anonymous_147)
FN:1227,(anonymous_148)
FN:1275,(anonymous_149)
FN:1313,(anonymous_150)
FN:1351,(anonymous_151)
FN:1372,(anonymous_152)
FN:1418,(anonymous_153)
FN:1511,(anonymous_154)
FN:1587,(anonymous_155)
FN:1591,(anonymous_156)
FN:1616,(anonymous_157)
FN:1669,(anonymous_158)
FN:1677,(anonymous_159)
FN:1717,(anonymous_160)
FN:1757,(anonymous_161)
FN:1820,(anonymous_162)
FN:1845,(anonymous_163)
FN:1867,(anonymous_164)
FN:1947,(anonymous_165)
FN:2001,(anonymous_166)
FN:2092,(anonymous_167)
FN:2110,(anonymous_168)
FN:2114,(anonymous_169)
FN:2117,(anonymous_170)
FN:2134,(anonymous_171)
FN:2138,(anonymous_172)
FN:2159,(anonymous_173)
FN:2180,(anonymous_174)
FN:2204,(anonymous_175)
FN:2235,(anonymous_176)
FN:2239,(anonymous_177)
FN:2262,(anonymous_178)
FN:2294,(anonymous_179)
FN:2314,(anonymous_180)
FN:2343,(anonymous_181)
FN:2372,(anonymous_182)
FN:2392,(anonymous_183)
FN:2413,(anonymous_184)
FN:2417,(anonymous_185)
FN:2442,(anonymous_186)
FN:2456,(anonymous_187)
FN:2470,(anonymous_188)
FN:2484,(anonymous_189)
FN:2497,(anonymous_190)
FN:2501,(anonymous_191)
FN:2508,(anonymous_192)
FN:2565,(anonymous_193)
FN:2614,(anonymous_194)
FN:2639,(anonymous_195)
FN:2678,(anonymous_196)
FN:2698,(anonymous_197)
FN:2710,(anonymous_198)
FN:2721,(anonymous_199)
FN:2906,(anonymous_200)
FN:2910,(anonymous_201)
FN:2933,(anonymous_202)
FN:2935,(anonymous_203)
FN:2944,(anonymous_204)
FN:3269,(anonymous_205)
FN:3270,(anonymous_206)
FN:3272,(anonymous_207)
FN:3305,(anonymous_208)
FN:3307,(anonymous_209)
FN:3341,(anonymous_210)
FN:3350,(anonymous_211)
FN:3371,(anonymous_212)
FN:3393,(anonymous_213)
FN:3407,(anonymous_214)
FN:3420,(anonymous_215)
FN:3433,(anonymous_216)
FN:3445,(anonymous_217)
FN:3469,(anonymous_218)
FN:3714,(anonymous_219)
FN:3721,(anonymous_220)
FNF:221
FNH:0
FNDA:0,(anonymous_0)
FNDA:0,(anonymous_1)
FNDA:0,(anonymous_2)
FNDA:0,(anonymous_3)
FNDA:0,(anonymous_4)
FNDA:0,(anonymous_5)
FNDA:0,(anonymous_6)
FNDA:0,(anonymous_7)
FNDA:0,(anonymous_8)
FNDA:0,(anonymous_9)
FNDA:0,(anonymous_10)
FNDA:0,(anonymous_11)
FNDA:0,(anonymous_12)
FNDA:0,(anonymous_13)
FNDA:0,(anonymous_14)
FNDA:0,(anonymous_15)
FNDA:0,(anonymous_16)
FNDA:0,(anonymous_17)
FNDA:0,(anonymous_18)
FNDA:0,(anonymous_19)
FNDA:0,(anonymous_20)
FNDA:0,(anonymous_21)
FNDA:0,(anonymous_22)
FNDA:0,(anonymous_23)
FNDA:0,(anonymous_24)
FNDA:0,(anonymous_25)
FNDA:0,(anonymous_26)
FNDA:0,(anonymous_27)
FNDA:0,(anonymous_28)
FNDA:0,(anonymous_29)
FNDA:0,(anonymous_30)
FNDA:0,(anonymous_31)
FNDA:0,(anonymous_32)
FNDA:0,(anonymous_33)
FNDA:0,(anonymous_34)
FNDA:0,(anonymous_35)
FNDA:0,(anonymous_36)
FNDA:0,(anonymous_37)
FNDA:0,(anonymous_38)
FNDA:0,(anonymous_39)
FNDA:0,(anonymous_40)
FNDA:0,(anonymous_41)
FNDA:0,(anonymous_42)
FNDA:0,(anonymous_43)
FNDA:0,(anonymous_44)
FNDA:0,(anonymous_45)
FNDA:0,(anonymous_46)
FNDA:0,(anonymous_47)
FNDA:0,(anonymous_48)
FNDA:0,(anonymous_49)
FNDA:0,(anonymous_50)
FNDA:0,(anonymous_51)
FNDA:0,(anonymous_52)
FNDA:0,(anonymous_53)
FNDA:0,(anonymous_54)
FNDA:0,(anonymous_55)
FNDA:0,(anonymous_56)
FNDA:0,(anonymous_57)
FNDA:0,(anonymous_58)
FNDA:0,(anonymous_59)
FNDA:0,(anonymous_60)
FNDA:0,(anonymous_61)
FNDA:0,(anonymous_62)
FNDA:0,(anonymous_63)
FNDA:0,(anonymous_64)
FNDA:0,(anonymous_65)
FNDA:0,(anonymous_66)
FNDA:0,(anonymous_67)
FNDA:0,(anonymous_68)
FNDA:0,(anonymous_69)
FNDA:0,(anonymous_70)
FNDA:0,(anonymous_71)
FNDA:0,(anonymous_72)
FNDA:0,(anonymous_73)
FNDA:0,(anonymous_74)
FNDA:0,(anonymous_75)
FNDA:0,(anonymous_76)
FNDA:0,(anonymous_77)
FNDA:0,(anonymous_78)
FNDA:0,(anonymous_79)
FNDA:0,(anonymous_80)
FNDA:0,(anonymous_81)
FNDA:0,(anonymous_82)
FNDA:0,(anonymous_83)
FNDA:0,(anonymous_84)
FNDA:0,(anonymous_85)
FNDA:0,(anonymous_86)
FNDA:0,(anonymous_87)
FNDA:0,(anonymous_88)
FNDA:0,(anonymous_89)
FNDA:0,(anonymous_90)
FNDA:0,(anonymous_91)
FNDA:0,(anonymous_92)
FNDA:0,(anonymous_93)
FNDA:0,(anonymous_94)
FNDA:0,(anonymous_95)
FNDA:0,(anonymous_96)
FNDA:0,(anonymous_97)
FNDA:0,(anonymous_98)
FNDA:0,(anonymous_99)
FNDA:0,(anonymous_100)
FNDA:0,(anonymous_101)
FNDA:0,(anonymous_102)
FNDA:0,(anonymous_103)
FNDA:0,(anonymous_104)
FNDA:0,(anonymous_105)
FNDA:0,(anonymous_106)
FNDA:0,(anonymous_107)
FNDA:0,(anonymous_108)
FNDA:0,(anonymous_109)
FNDA:0,(anonymous_110)
FNDA:0,(anonymous_111)
FNDA:0,(anonymous_112)
FNDA:0,(anonymous_113)
FNDA:0,(anonymous_114)
FNDA:0,(anonymous_115)
FNDA:0,(anonymous_116)
FNDA:0,(anonymous_117)
FNDA:0,(anonymous_118)
FNDA:0,(anonymous_119)
FNDA:0,(anonymous_120)
FNDA:0,(anonymous_121)
FNDA:0,(anonymous_122)
FNDA:0,(anonymous_123)
FNDA:0,(anonymous_124)
FNDA:0,(anonymous_125)
FNDA:0,(anonymous_126)
FNDA:0,(anonymous_127)
FNDA:0,(anonymous_128)
FNDA:0,(anonymous_129)
FNDA:0,(anonymous_130)
FNDA:0,(anonymous_131)
FNDA:0,(anonymous_132)
FNDA:0,(anonymous_133)
FNDA:0,(anonymous_134)
FNDA:0,(anonymous_135)
FNDA:0,(anonymous_136)
FNDA:0,(anonymous_137)
FNDA:0,(anonymous_138)
FNDA:0,(anonymous_139)
FNDA:0,(anonymous_140)
FNDA:0,(anonymous_141)
FNDA:0,(anonymous_142)
FNDA:0,(anonymous_143)
FNDA:0,(anonymous_144)
FNDA:0,(anonymous_145)
FNDA:0,(anonymous_146)
FNDA:0,(anonymous_147)
FNDA:0,(anonymous_148)
FNDA:0,(anonymous_149)
FNDA:0,(anonymous_150)
FNDA:0,(anonymous_151)
FNDA:0,(anonymous_152)
FNDA:0,(anonymous_153)
FNDA:0,(anonymous_154)
FNDA:0,(anonymous_155)
FNDA:0,(anonymous_156)
FNDA:0,(anonymous_157)
FNDA:0,(anonymous_158)
FNDA:0,(anonymous_159)
FNDA:0,(anonymous_160)
FNDA:0,(anonymous_161)
FNDA:0,(anonymous_162)
FNDA:0,(anonymous_163)
FNDA:0,(anonymous_164)
FNDA:0,(anonymous_165)
FNDA:0,(anonymous_166)
FNDA:0,(anonymous_167)
FNDA:0,(anonymous_168)
FNDA:0,(anonymous_169)
FNDA:0,(anonymous_170)
FNDA:0,(anonymous_171)
FNDA:0,(anonymous_172)
FNDA:0,(anonymous_173)
FNDA:0,(anonymous_174)
FNDA:0,(anonymous_175)
FNDA:0,(anonymous_176)
FNDA:0,(anonymous_177)
FNDA:0,(anonymous_178)
FNDA:0,(anonymous_179)
FNDA:0,(anonymous_180)
FNDA:0,(anonymous_181)
FNDA:0,(anonymous_182)
FNDA:0,(anonymous_183)
FNDA:0,(anonymous_184)
FNDA:0,(anonymous_185)
FNDA:0,(anonymous_186)
FNDA:0,(anonymous_187)
FNDA:0,(anonymous_188)
FNDA:0,(anonymous_189)
FNDA:0,(anonymous_190)
FNDA:0,(anonymous_191)
FNDA:0,(anonymous_192)
FNDA:0,(anonymous_193)
FNDA:0,(anonymous_194)
FNDA:0,(anonymous_195)
FNDA:0,(anonymous_196)
FNDA:0,(anonymous_197)
FNDA:0,(anonymous_198)
FNDA:0,(anonymous_199)
FNDA:0,(anonymous_200)
FNDA:0,(anonymous_201)
FNDA:0,(anonymous_202)
FNDA:0,(anonymous_203)
FNDA:0,(anonymous_204)
FNDA:0,(anonymous_205)
FNDA:0,(anonymous_206)
FNDA:0,(anonymous_207)
FNDA:0,(anonymous_208)
FNDA:0,(anonymous_209)
FNDA:0,(anonymous_210)
FNDA:0,(anonymous_211)
FNDA:0,(anonymous_212)
FNDA:0,(anonymous_213)
FNDA:0,(anonymous_214)
FNDA:0,(anonymous_215)
FNDA:0,(anonymous_216)
FNDA:0,(anonymous_217)
FNDA:0,(anonymous_218)
FNDA:0,(anonymous_219)
FNDA:0,(anonymous_220)
DA:1,0
DA:2,0
DA:4,0
DA:8,0
DA:9,0
DA:10,0
DA:12,0
DA:13,0
DA:14,0
DA:15,0
DA:17,0
DA:18,0
DA:19,0
DA:20,0
DA:21,0
DA:22,0
DA:24,0
DA:25,0
DA:26,0
DA:27,0
DA:29,0
DA:31,0
DA:32,0
DA:33,0
DA:35,0
DA:36,0
DA:38,0
DA:39,0
DA:40,0
DA:42,0
DA:43,0
DA:45,0
DA:47,0
DA:48,0
DA:49,0
DA:51,0
DA:52,0
DA:54,0
DA:55,0
DA:57,0
DA:58,0
DA:60,0
DA:61,0
DA:63,0
DA:64,0
DA:66,0
DA:67,0
DA:68,0
DA:69,0
DA:72,0
DA:73,0
DA:76,0
DA:77,0
DA:78,0
DA:80,0
DA:81,0
DA:82,0
DA:83,0
DA:84,0
DA:86,0
DA:87,0
DA:88,0
DA:89,0
DA:90,0
DA:91,0
DA:92,0
DA:93,0
DA:94,0
DA:95,0
DA:96,0
DA:97,0
DA:98,0
DA:99,0
DA:100,0
DA:101,0
DA:102,0
DA:103,0
DA:104,0
DA:105,0
DA:106,0
DA:107,0
DA:108,0
DA:109,0
DA:110,0
DA:111,0
DA:112,0
DA:113,0
DA:114,0
DA:115,0
DA:117,0
DA:118,0
DA:120,0
DA:122,0
DA:124,0
DA:125,0
DA:126,0
DA:127,0
DA:128,0
DA:129,0
DA:130,0
DA:131,0
DA:132,0
DA:133,0
DA:134,0
DA:135,0
DA:136,0
DA:137,0
DA:138,0
DA:139,0
DA:140,0
DA:141,0
DA:142,0
DA:143,0
DA:144,0
DA:145,0
DA:146,0
DA:147,0
DA:148,0
DA:149,0
DA:150,0
DA:151,0
DA:152,0
DA:153,0
DA:154,0
DA:156,0
DA:157,0
DA:159,0
DA:161,0
DA:163,0
DA:164,0
DA:165,0
DA:166,0
DA:167,0
DA:168,0
DA:170,0
DA:171,0
DA:172,0
DA:173,0
DA:174,0
DA:175,0
DA:176,0
DA:178,0
DA:181,0
DA:182,0
DA:184,0
DA:185,0
DA:186,0
DA:187,0
DA:191,0
DA:195,0
DA:199,0
DA:203,0
DA:207,0
DA:211,0
DA:215,0
DA:219,0
DA:223,0
DA:227,0
DA:231,0
DA:235,0
DA:239,0
DA:243,0
DA:247,0
DA:251,0
DA:255,0
DA:259,0
DA:263,0
DA:267,0
DA:271,0
DA:275,0
DA:279,0
DA:283,0
DA:287,0
DA:291,0
DA:295,0
DA:299,0
DA:303,0
DA:307,0
DA:311,0
DA:315,0
DA:319,0
DA:323,0
DA:325,0
DA:326,0
DA:335,0
DA:337,0
DA:338,0
DA:343,0
DA:346,0
DA:347,0
DA:349,0
DA:350,0
DA:357,0
DA:358,0
DA:359,0
DA:366,0
DA:370,0
DA:371,0
DA:373,0
DA:377,0
DA:380,0
DA:381,0
DA:383,0
DA:384,0
DA:393,0
DA:394,0
DA:395,0
DA:404,0
DA:408,0
DA:409,0
DA:410,0
DA:415,0
DA:416,0
DA:420,0
DA:421,0
DA:430,0
DA:431,0
DA:432,0
DA:433,0
DA:438,0
DA:439,0
DA:441,0
DA:443,0
DA:452,0
DA:455,0
DA:456,0
DA:457,0
DA:461,0
DA:462,0
DA:463,0
DA:465,0
DA:469,0
DA:471,0
DA:472,0
DA:482,0
DA:484,0
DA:485,0
DA:495,0
DA:497,0
DA:498,0
DA:508,0
DA:510,0
DA:511,0
DA:521,0
DA:523,0
DA:524,0
DA:534,0
DA:537,0
DA:538,0
DA:548,0
DA:551,0
DA:552,0
DA:557,0
DA:558,0
DA:560,0
DA:561,0
DA:570,0
DA:571,0
DA:572,0
DA:581,0
DA:583,0
DA:584,0
DA:589,0
DA:590,0
DA:592,0
DA:593,0
DA:594,0
DA:603,0
DA:605,0
DA:606,0
DA:612,0
DA:613,0
DA:615,0
DA:616,0
DA:625,0
DA:626,0
DA:627,0
DA:636,0
DA:638,0
DA:639,0
DA:644,0
DA:645,0
DA:646,0
DA:647,0
DA:648,0
DA:649,0
DA:651,0
DA:652,0
DA:661,0
DA:662,0
DA:663,0
DA:672,0
DA:673,0
DA:674,0
DA:683,0
DA:685,0
DA:686,0
DA:691,0
DA:692,0
DA:694,0
DA:695,0
DA:696,0
DA:705,0
DA:707,0
DA:709,0
DA:710,0
DA:712,0
DA:713,0
DA:715,0
DA:716,0
DA:718,0
DA:719,0
DA:721,0
DA:728,0
DA:731,0
DA:732,0
DA:733,0
DA:742,0
DA:744,0
DA:745,0
DA:748,0
DA:753,0
DA:754,0
DA:755,0
DA:757,0
DA:758,0
DA:759,0
DA:768,0
DA:769,0
DA:770,0
DA:779,0
DA:781,0
DA:783,0
DA:784,0
DA:786,0
DA:787,0
DA:789,0
DA:790,0
DA:792,0
DA:800,0
DA:801,0
DA:802,0
DA:803,0
DA:804,0
DA:806,0
DA:807,0
DA:808,0
DA:817,0
DA:818,0
DA:819,0
DA:828,0
DA:829,0
DA:830,0
DA:839,0
DA:840,0
DA:841,0
DA:850,0
DA:851,0
DA:852,0
DA:861,0
DA:863,0
DA:864,0
DA:870,0
DA:871,0
DA:874,0
DA:875,0
DA:876,0
DA:885,0
DA:887,0
DA:889,0
DA:890,0
DA:892,0
DA:893,0
DA:895,0
DA:896,0
DA:898,0
DA:899,0
DA:901,0
DA:904,0
DA:909,0
DA:910,0
DA:912,0
DA:913,0
DA:914,0
DA:923,0
DA:925,0
DA:927,0
DA:928,0
DA:930,0
DA:931,0
DA:933,0
DA:934,0
DA:936,0
DA:939,0
DA:944,0
DA:947,0
DA:948,0
DA:957,0
DA:959,0
DA:960,0
DA:965,0
DA:966,0
DA:967,0
DA:968,0
DA:969,0
DA:970,0
DA:971,0
DA:972,0
DA:974,0
DA:975,0
DA:984,0
DA:985,0
DA:986,0
DA:995,0
DA:996,0
DA:997,0
DA:1006,0
DA:1007,0
DA:1008,0
DA:1017,0
DA:1018,0
DA:1019,0
DA:1028,0
DA:1030,0
DA:1031,0
DA:1036,0
DA:1037,0
DA:1038,0
DA:1039,0
DA:1041,0
DA:1042,0
DA:1051,0
DA:1052,0
DA:1053,0
DA:1062,0
DA:1063,0
DA:1064,0
DA:1073,0
DA:1074,0
DA:1075,0
DA:1084,0
DA:1086,0
DA:1087,0
DA:1092,0
DA:1093,0
DA:1096,0
DA:1097,0
DA:1098,0
DA:1107,0
DA:1109,0
DA:1111,0
DA:1112,0
DA:1114,0
DA:1115,0
[...]
BRDA:891,45,0,0
BRDA:891,45,1,0
BRDA:906,46,0,0
BRDA:906,46,1,0
BRDA:906,46,2,0
BRDA:906,46,3,0
BRDA:906,46,4,0
BRDA:906,46,5,0
BRDA:906,46,6,0
BRDA:906,46,7,0
BRDA:906,46,8,0
BRDA:906,46,9,0
BRDA:906,46,10,0
BRDA:906,46,11,0
BRDA:906,46,12,0
BRDA:906,46,13,0
BRDA:906,46,14,0
BRDA:962,47,0,0
BRDA:962,47,1,0
BRDA:965,48,0,0
BRDA:965,48,1,0
BRDA:1062,49,0,0
BRDA:1064,50,0,0
BRDA:1064,50,1,0
BRDA:1067,51,0,0
BRDA:1067,51,1,0
BRDA:1069,52,0,0
BRDA:1069,52,1,0
BRDA:1069,53,0,0
BRDA:1069,53,1,0
BRDA:1070,54,0,0
BRDA:1070,54,1,0
BRDA:1115,55,0,0
BRDA:1115,55,1,0
BRDA:1133,56,0,0
BRDA:1133,56,1,0
BRDA:1149,57,0,0
BRDA:1149,57,1,0
BRDA:1155,58,0,0
BRDA:1155,58,1,0
BRDA:1157,59,0,0
BRDA:1157,59,1,0
BRDA:1157,59,2,0
BRDA:1157,59,3,0
BRDA:1157,59,4,0
BRDA:1157,59,5,0
BRDA:1157,59,6,0
BRDA:1157,59,7,0
BRDA:1157,59,8,0
BRDA:1157,59,9,0
BRDA:1157,59,10,0
BRDA:1157,59,11,0
BRDA:1157,59,12,0
BRDA:1157,59,13,0
BRDA:1157,59,14,0
BRDA:1157,59,15,0
BRDA:1157,59,16,0
BRDA:1283,60,0,0
BRDA:1283,60,1,0
BRDA:1330,61,0,0
BRDA:1330,61,1,0
BRDA:1342,62,0,0
BRDA:1342,62,1,0
BRDA:1345,63,0,0
BRDA:1345,63,1,0
BRDA:1353,64,0,0
BRDA:1353,64,1,0
BRDA:1367,65,0,0
BRDA:1367,65,1,0
BRDA:1382,66,0,0
BRDA:1382,66,1,0
BRDA:1390,67,0,0
BRDA:1390,67,1,0
BRDA:1391,68,0,0
BRDA:1391,68,1,0
BRDA:1391,68,2,0
BRDA:1391,68,3,0
BRDA:1417,69,0,0
BRDA:1417,69,1,0
BRDA:1473,70,0,0
BRDA:1473,70,1,0
BRDA:1476,71,0,0
BRDA:1476,71,1,0
BRDA:1476,72,0,0
BRDA:1476,72,1,0
BRDA:1480,73,0,0
BRDA:1480,73,1,0
BRF:206
BRH:0
end_of_record
TN:
SF:C:\Users\arussell\Documents\Repos\NMDS\server\routes\reports\wdf\index.js
FN:17,(anonymous_0)
FN:52,(anonymous_1)
FNF:2
FNH:0
FNDA:0,(anonymous_0)
FNDA:0,(anonymous_1)
DA:2,0
DA:3,0
DA:6,0
DA:7,0
DA:10,0
DA:11,0
DA:12,0
DA:16,0
DA:17,0
DA:18,0
DA:21,0
DA:22,0
DA:23,0
DA:24,0
DA:25,0
DA:26,0
DA:29,0
DA:32,0
DA:33,0
DA:35,0
DA:37,0
DA:47,0
DA:48,0
DA:52,0
DA:53,0
DA:55,0
DA:56,0
DA:58,0
DA:62,0
DA:63,0
DA:64,0
DA:67,0
DA:70,0
DA:71,0
DA:74,0
DA:77,0
LF:36
LH:0
BRDA:23,0,0,0
BRDA:23,0,1,0
BRDA:23,1,0,0
BRDA:23,1,1,0
BRDA:25,2,0,0
BRDA:25,2,1,0
BRDA:35,3,0,0
BRDA:35,3,1,0
BRDA:38,4,0,0
BRDA:38,4,1,0
BRDA:39,5,0,0
BRDA:39,5,1,0
BRDA:43,6,0,0
BRDA:43,6,1,0
BRDA:56,7,0,0
BRDA:56,7,1,0
BRDA:56,8,0,0
BRDA:56,8,1,0
BRDA:62,9,0,0
BRDA:62,9,1,0
BRF:20
BRH:0
end_of_record
TN:
SF:C:\Users\arussell\Documents\Repos\NMDS\server\routes\reports\wdfSummary\index.js
FN:16,(anonymous_0)
FN:25,(anonymous_1)
FN:32,(anonymous_2)
FN:45,(anonymous_3)
FN:86,(anonymous_4)
FNF:5
FNH:0
FNDA:0,(anonymous_0)
FNDA:0,(anonymous_1)
FNDA:0,(anonymous_2)
FNDA:0,(anonymous_3)
FNDA:0,(anonymous_4)
DA:2,0
DA:3,0
DA:4,0
DA:7,0
DA:10,0
DA:13,0
DA:16,0
DA:17,0
DA:19,0
DA:20,0
DA:22,0
DA:25,0
DA:26,0
DA:27,0
DA:29,0
DA:32,0
DA:33,0
DA:34,0
DA:35,0
DA:37,0
DA:39,0
DA:44,0
DA:45,0
DA:46,0
DA:47,0
DA:48,0
DA:50,0
DA:51,0
DA:53,0
DA:64,0
DA:65,0
DA:66,0
DA:67,0
DA:70,0
DA:86,0
DA:87,0
DA:88,0
DA:108,0
DA:111,0
DA:115,0
DA:116,0
DA:120,0
LF:42
LH:0
BRDA:17,0,0,0
BRDA:17,0,1,0
BRDA:19,1,0,0
BRDA:19,1,1,0
BRDA:19,2,0,0
BRDA:19,2,1,0
BRDA:26,3,0,0
BRDA:26,3,1,0
BRDA:33,4,0,0
BRDA:33,4,1,0
BRDA:48,5,0,0
BRDA:48,5,1,0
BRDA:64,6,0,0
BRDA:64,6,1,0
BRDA:64,7,0,0
BRDA:64,7,1,0
BRDA:87,8,0,0
BRDA:87,8,1,0
BRDA:102,9,0,0
BRDA:102,9,1,0
BRDA:102,10,0,0
BRDA:102,10,1,0
BRF:22
BRH:0
end_of_record
TN:
SF:C:\Users\arussell\Documents\Repos\NMDS\server\routes\testOnly\cleanStart.js
FN:6,(anonymous_0)
FN:8,(anonymous_1)
FNF:2
FNH:0
FNDA:0,(anonymous_0)
FNDA:0,(anonymous_1)
DA:1,0
DA:2,0
DA:3,0
DA:6,0
DA:7,0
DA:8,0
DA:10,0
DA:16,0
DA:22,0
DA:30,0
DA:36,0
DA:42,0
DA:48,0
DA:56,0
DA:62,0
DA:68,0
DA:76,0
DA:82,0
DA:88,0
DA:96,0
DA:99,0
DA:100,0
DA:104,0
LF:23
LH:0
BRF:0
BRH:0
end_of_record
TN:
SF:C:\Users\arussell\Documents\Repos\NMDS\server\routes\testOnly\index.js
FNF:0
FNH:0
DA:2,0
DA:3,0
DA:5,0
DA:7,0
DA:8,0
DA:9,0
DA:10,0
DA:13,0
DA:14,0
DA:15,0
DA:16,0
DA:17,0
DA:19,0
LF:13
LH:0
BRF:0
BRH:0
end_of_record
TN:
SF:C:\Users\arussell\Documents\Repos\NMDS\server\routes\testOnly\location.js
FN:7,(anonymous_0)
FN:30,(anonymous_1)
FN:33,(anonymous_2)
FNF:3
FNH:0
FNDA:0,(anonymous_0)
FNDA:0,(anonymous_1)
FNDA:0,(anonymous_2)
DA:1,0
DA:2,0
DA:3,0
DA:7,0
DA:8,0
DA:10,0
DA:11,0
DA:18,0
DA:19,0
DA:20,0
DA:22,0
DA:26,0
DA:30,0
DA:31,0
DA:33,0
DA:44,0
DA:49,0
LF:17
LH:0
BRDA:8,0,0,0
BRDA:8,0,1,0
BRDA:18,1,0,0
BRDA:18,1,1,0
BRDA:18,2,0,0
BRDA:18,2,1,0
BRDA:18,2,2,0
BRF:7
BRH:0
end_of_record
TN:
SF:C:\Users\arussell\Documents\Repos\NMDS\server\routes\testOnly\postcode.js
FN:7,(anonymous_0)
FN:36,(anonymous_1)
FN:39,(anonymous_2)
FN:53,(anonymous_3)
FNF:4
FNH:0
FNDA:0,(anonymous_0)
FNDA:0,(anonymous_1)
FNDA:0,(anonymous_2)
FNDA:0,(anonymous_3)
DA:1,0
DA:2,0
DA:3,0
DA:7,0
DA:8,0
DA:10,0
DA:11,0
DA:24,0
DA:25,0
DA:26,0
DA:28,0
DA:32,0
DA:36,0
DA:37,0
DA:39,0
DA:48,0
DA:53,0
DA:54,0
DA:56,0
DA:57,0
DA:60,0
DA:61,0
DA:64,0
DA:65,0
DA:68,0
DA:69,0
DA:72,0
DA:75,0
LF:28
LH:0
BRDA:8,0,0,0
BRDA:8,0,1,0
BRDA:24,1,0,0
BRDA:24,1,1,0
BRDA:24,2,0,0
BRDA:24,2,1,0
BRDA:24,2,2,0
BRDA:56,3,0,0
BRDA:56,3,1,0
BRDA:60,4,0,0
BRDA:60,4,1,0
BRDA:64,5,0,0
BRDA:64,5,1,0
BRDA:68,6,0,0
BRDA:68,6,1,0
BRF:15
BRH:0
end_of_record
TN:
SF:C:\Users\arussell\Documents\Repos\NMDS\server\routes\testOnly\timestamp.js
FN:5,(anonymous_0)
FNF:1
FNH:0
FNDA:0,(anonymous_0)
DA:1,0
DA:2,0
DA:5,0
DA:6,0
DA:7,0
DA:10,0
DA:13,0
LF:7
LH:0
BRF:0
BRH:0
end_of_record
TN:
SF:C:\Users\arussell\Documents\Repos\NMDS\server\test\mockdata\countries.js
FNF:0
FNH:0
DA:2,1
LF:1
LH:1
BRF:0
BRH:0
end_of_record
TN:
SF:C:\Users\arussell\Documents\Repos\NMDS\server\test\mockdata\ethnicity.js
FNF:0
FNH:0
DA:2,1
LF:1
LH:1
BRF:0
BRH:0
end_of_record
TN:
SF:C:\Users\arussell\Documents\Repos\NMDS\server\test\mockdata\jobs.js
FNF:0
FNH:0
DA:2,1
LF:1
LH:1
BRF:0
BRH:0
end_of_record
TN:
SF:C:\Users\arussell\Documents\Repos\NMDS\server\test\mockdata\locations.js
FNF:0
FNH:0
DA:2,2
LF:1
LH:1
BRF:0
BRH:0
end_of_record
TN:
SF:C:\Users\arussell\Documents\Repos\NMDS\server\test\mockdata\nationalities.js
FNF:0
FNH:0
DA:2,1
LF:1
LH:1
BRF:0
BRH:0
end_of_record
TN:
SF:C:\Users\arussell\Documents\Repos\NMDS\server\test\mockdata\postcodes.js
FNF:0
FNH:0
DA:2,4
LF:1
LH:1
BRF:0
BRH:0
end_of_record
TN:
SF:C:\Users\arussell\Documents\Repos\NMDS\server\test\mockdata\qualifications.js
FNF:0
FNH:0
DA:2,1
LF:1
LH:1
BRF:0
BRH:0
end_of_record
TN:
SF:C:\Users\arussell\Documents\Repos\NMDS\server\test\mockdata\recruitedFrom.js
FNF:0
FNH:0
DA:2,1
LF:1
LH:1
BRF:0
BRH:0
end_of_record
TN:
SF:C:\Users\arussell\Documents\Repos\NMDS\server\test\utils\baseUrl.js
FNF:0
FNH:0
DA:1,6
LF:1
LH:1
BRDA:1,0,0,0
BRDA:1,0,1,6
BRF:2
BRH:1
end_of_record
TN:
SF:C:\Users\arussell\Documents\Repos\NMDS\server\test\utils\changeHistory.js
FN:4,(anonymous_0)
FNF:1
FNH:0
FNDA:0,(anonymous_0)
DA:1,3
DA:2,3
DA:4,3
DA:29,0
DA:31,0
DA:34,0
DA:35,0
DA:37,0
DA:38,0
DA:39,0
DA:40,0
DA:42,0
DA:44,0
DA:45,0
DA:46,0
DA:47,0
DA:48,0
DA:49,0
DA:50,0
DA:51,0
DA:52,0
DA:53,0
DA:54,0
DA:55,0
DA:56,0
DA:57,0
DA:60,0
DA:61,0
DA:63,0
LF:29
LH:3
BRDA:1,0,0,0
BRDA:1,0,1,3
BRDA:2,1,0,0
BRDA:2,1,1,3
BRDA:4,2,0,0
BRF:5
BRH:2
end_of_record
TN:
SF:C:\Users\arussell\Documents\Repos\NMDS\server\test\utils\countries.js
FN:3,(anonymous_0)
FNF:1
FNH:1
FNDA:1,(anonymous_0)
DA:1,1
DA:3,1
DA:4,1
DA:5,1
LF:4
LH:4
BRF:0
BRH:0
end_of_record
TN:
SF:C:\Users\arussell\Documents\Repos\NMDS\server\test\utils\ethnicity.js
FN:3,(anonymous_0)
FNF:1
FNH:1
FNDA:1,(anonymous_0)
DA:1,1
DA:3,1
DA:4,1
DA:5,1
LF:4
LH:4
BRF:0
BRH:0
end_of_record
TN:
SF:C:\Users\arussell\Documents\Repos\NMDS\server\test\utils\jobs.js
FN:3,(anonymous_0)
FNF:1
FNH:1
FNDA:1,(anonymous_0)
DA:1,1
DA:3,1
DA:4,1
DA:5,1
LF:4
LH:4
BRF:0
BRH:0
end_of_record
TN:
SF:C:\Users\arussell\Documents\Repos\NMDS\server\test\utils\localAuthorities.js
FN:6,(anonymous_0)
FN:15,(anonymous_1)
FNF:2
FNH:0
FNDA:0,(anonymous_0)
FNDA:0,(anonymous_1)
DA:1,1
DA:2,1
DA:4,1
DA:6,1
DA:7,0
DA:8,0
DA:11,0
DA:15,1
DA:16,0
DA:17,0
DA:18,0
LF:11
LH:5
BRDA:7,0,0,0
BRDA:7,0,1,0
BRF:2
BRH:0
end_of_record
TN:
SF:C:\Users\arussell\Documents\Repos\NMDS\server\test\utils\nationalities.js
FN:3,(anonymous_0)
FNF:1
FNH:1
FNDA:1,(anonymous_0)
DA:1,1
DA:3,1
DA:4,1
DA:5,1
LF:4
LH:4
BRF:0
BRH:0
end_of_record
TN:
SF:C:\Users\arussell\Documents\Repos\NMDS\server\test\utils\qualifications.js
FN:3,(anonymous_0)
FNF:1
FNH:1
FNDA:2,(anonymous_0)
DA:1,1
DA:3,1
DA:4,2
DA:5,2
LF:4
LH:4
BRF:0
BRH:0
end_of_record
TN:
SF:C:\Users\arussell\Documents\Repos\NMDS\server\test\utils\random.js
FN:1,(anonymous_0)
FN:7,(anonymous_1)
FNF:2
FNH:1
FNDA:25,(anonymous_0)
FNDA:0,(anonymous_1)
DA:1,4
DA:2,25
DA:3,25
DA:4,25
DA:7,4
DA:8,0
DA:9,0
DA:11,0
DA:12,0
DA:14,0
LF:10
LH:5
BRF:0
BRH:0
end_of_record
TN:
SF:C:\Users\arussell\Documents\Repos\NMDS\server\test\utils\recruitedFrom.js
FN:3,(anonymous_0)
FNF:1
FNH:1
FNDA:1,(anonymous_0)
DA:1,1
DA:3,1
DA:4,1
DA:5,1
LF:4
LH:4
BRF:0
BRH:0
end_of_record
TN:
SF:C:\Users\arussell\Documents\Repos\NMDS\server\test\utils\registration.js
FN:4,(anonymous_0)
FN:28,(anonymous_1)
FNF:2
FNH:2
FNDA:2,(anonymous_0)
FNDA:6,(anonymous_1)
DA:1,4
DA:2,4
DA:4,4
DA:5,2
DA:28,4
DA:29,6
LF:6
LH:6
BRF:0
BRH:0
end_of_record
TN:
SF:C:\Users\arussell\Documents\Repos\NMDS\server\test\utils\services.js
FN:3,(anonymous_0)
FNF:1
FNH:1
FNDA:9,(anonymous_0)
DA:1,4
DA:3,4
DA:4,9
DA:5,9
DA:6,9
LF:5
LH:5
BRF:0
BRH:0
end_of_record
TN:
SF:C:\Users\arussell\Documents\Repos\NMDS\server\test\utils\worker.js
FN:5,(anonymous_0)
FN:11,(anonymous_1)
FNF:2
FNH:0
FNDA:0,(anonymous_0)
FNDA:0,(anonymous_1)
DA:1,1
DA:2,1
DA:3,1
DA:5,1
DA:6,0
DA:7,0
DA:8,0
DA:11,1
DA:12,0
DA:13,0
LF:10
LH:5
BRF:0
BRH:0
end_of_record
TN:
SF:C:\Users\arussell\Documents\Repos\NMDS\server\utils\concatenateAddress.js
FN:1,(anonymous_0)
FNF:1
FNH:0
FNDA:0,(anonymous_0)
DA:1,0
DA:4,0
DA:6,0
DA:7,0
DA:8,0
DA:9,0
DA:11,0
LF:7
LH:0
BRDA:6,0,0,0
BRDA:6,0,1,0
BRDA:7,1,0,0
BRDA:7,1,1,0
BRDA:8,2,0,0
BRDA:8,2,1,0
BRDA:9,3,0,0
BRDA:9,3,1,0
BRF:8
BRH:0
end_of_record
TN:
SF:C:\Users\arussell\Documents\Repos\NMDS\server\utils\postcodeSanitizer.js
FN:1,(anonymous_0)
FNF:1
FNH:0
FNDA:0,(anonymous_0)
DA:1,0
DA:4,0
DA:8,0
DA:9,0
DA:10,0
DA:11,0
DA:12,0
DA:13,0
DA:17,0
LF:9
LH:0
BRDA:8,0,0,0
BRDA:8,0,1,0
BRDA:10,1,0,0
BRDA:10,1,1,0
BRDA:12,2,0,0
BRDA:12,2,1,0
BRDA:17,3,0,0
BRDA:17,3,1,0
BRF:8
BRH:0
end_of_record
TN:
SF:C:\Users\arussell\Documents\Repos\NMDS\server\utils\timerLog.js
FN:4,(anonymous_0)
FNF:1
FNH:0
FNDA:0,(anonymous_0)
DA:1,0
DA:4,0
DA:5,0
DA:8,0
DA:9,0
DA:11,0
DA:15,0
LF:7
LH:0
BRDA:4,0,0,0
BRDA:8,1,0,0
BRDA:8,1,1,0
BRF:3
BRH:0
end_of_record
TN:
SF:C:\Users\arussell\Documents\Repos\NMDS\server\utils\wdfEligibilityDate.js
FN:1,(anonymous_0)
FNF:1
FNH:0
FNDA:0,(anonymous_0)
DA:1,0
DA:3,0
DA:4,0
DA:5,0
DA:6,0
DA:8,0
LF:6
LH:0
BRDA:5,0,0,0
BRDA:5,0,1,0
BRF:2
BRH:0
end_of_record
TN:
SF:C:\Users\arussell\Documents\Repos\NMDS\server\utils\datastore\index.js
FN:11,(anonymous_0)
FN:41,(anonymous_1)
FN:44,(anonymous_2)
FN:56,(anonymous_3)
FN:82,(anonymous_4)
FN:85,(anonymous_5)
FNF:6
FNH:0
FNDA:0,(anonymous_0)
FNDA:0,(anonymous_1)
FNDA:0,(anonymous_2)
FNDA:0,(anonymous_3)
FNDA:0,(anonymous_4)
FNDA:0,(anonymous_5)
DA:8,0
DA:11,0
DA:12,0
DA:15,0
DA:29,0
DA:34,0
DA:37,0
DA:40,0
DA:41,0
DA:42,0
DA:44,0
DA:46,0
DA:50,0
DA:53,0
DA:56,0
DA:57,0
DA:59,0
DA:62,0
DA:64,0
DA:66,0
DA:70,0
DA:71,0
DA:75,0
DA:76,0
DA:81,0
DA:82,0
DA:83,0
DA:85,0
DA:88,0
DA:90,0
LF:30
LH:0
BRDA:62,0,0,0
BRDA:62,0,1,0
BRDA:70,1,0,0
BRDA:70,1,1,0
BRDA:75,2,0,0
BRDA:75,2,1,0
BRDA:81,3,0,0
BRDA:81,3,1,0
BRF:8
BRH:0
end_of_record
TN:
SF:C:\Users\arussell\Documents\Repos\NMDS\server\utils\email\notify-email.js
FN:8,(anonymous_0)
FN:44,(anonymous_1)
FNF:2
FNH:0
FNDA:0,(anonymous_0)
FNDA:0,(anonymous_1)
DA:1,0
DA:2,0
DA:4,0
DA:6,0
DA:8,0
DA:9,0
DA:16,0
DA:17,0
DA:20,0
DA:21,0
DA:22,0
DA:36,0
DA:40,0
DA:44,0
DA:45,0
DA:52,0
DA:53,0
DA:56,0
DA:57,0
DA:58,0
DA:72,0
DA:76,0
LF:22
LH:0
BRDA:9,0,0,0
BRDA:9,0,1,0
BRDA:10,1,0,0
BRDA:10,1,1,0
BRDA:10,1,2,0
BRDA:45,2,0,0
BRDA:45,2,1,0
BRDA:46,3,0,0
BRDA:46,3,1,0
BRDA:46,3,2,0
BRF:10
BRH:0
end_of_record
TN:
SF:C:\Users\arussell\Documents\Repos\NMDS\server\utils\login\response.js
FN:2,(anonymous_0)
FNF:1
FNH:0
FNDA:0,(anonymous_0)
DA:2,0
DA:4,0
LF:2
LH:0
BRDA:9,0,0,0
BRDA:9,0,1,0
BRDA:11,1,0,0
BRDA:11,1,1,0
BRDA:12,2,0,0
BRDA:12,2,1,0
BRDA:13,3,0,0
BRDA:13,3,1,0
BRDA:20,4,0,0
BRDA:20,4,1,0
BRDA:21,5,0,0
BRDA:21,5,1,0
BRDA:22,6,0,0
BRDA:22,6,1,0
BRDA:24,7,0,0
BRDA:24,7,1,0
BRDA:25,8,0,0
BRDA:25,8,1,0
BRDA:26,9,0,0
BRDA:26,9,1,0
BRF:20
BRH:0
end_of_record
TN:
SF:C:\Users\arussell\Documents\Repos\NMDS\server\utils\middleware\noCache.js
FN:2,(anonymous_0)
FNF:1
FNH:0
FNDA:0,(anonymous_0)
DA:2,0
DA:3,0
DA:4,0
DA:5,0
DA:6,0
LF:5
LH:0
BRF:0
BRH:0
end_of_record
TN:
SF:C:\Users\arussell\Documents\Repos\NMDS\server\utils\middleware\refCache.js
FN:2,(anonymous_0)
FNF:1
FNH:0
FNDA:0,(anonymous_0)
DA:2,0
DA:3,0
DA:4,0
LF:3
LH:0
BRF:0
BRH:0
end_of_record
TN:
SF:C:\Users\arussell\Documents\Repos\NMDS\server\utils\security\generateJWT.js
FN:6,(anonymous_0)
FN:24,(anonymous_1)
FN:42,(anonymous_2)
FN:57,(anonymous_3)
FNF:4
FNH:0
FNDA:0,(anonymous_0)
FNDA:0,(anonymous_1)
FNDA:0,(anonymous_2)
FNDA:0,(anonymous_3)
DA:1,0
DA:2,0
DA:3,0
DA:6,0
DA:7,0
DA:9,0
DA:20,0
DA:24,0
DA:25,0
DA:27,0
DA:38,0
DA:42,0
DA:43,0
DA:45,0
DA:53,0
DA:57,0
DA:58,0
DA:60,0
DA:68,0
LF:19
LH:0
BRDA:29,0,0,0
BRDA:29,0,1,0
BRF:2
BRH:0
end_of_record
TN:
SF:C:\Users\arussell\Documents\Repos\NMDS\server\utils\security\isAuthenticated.js
FN:7,(anonymous_0)
FN:12,(anonymous_1)
FN:19,(anonymous_2)
FN:40,(anonymous_3)
FN:239,(anonymous_4)
FN:243,(anonymous_5)
FN:248,(anonymous_6)
FN:261,(anonymous_7)
FN:266,(anonymous_8)
FN:288,(anonymous_9)
FN:293,(anonymous_10)
FN:315,(anonymous_11)
FN:320,(anonymous_12)
FN:335,(anonymous_13)
FN:342,(anonymous_14)
FN:361,(anonymous_15)
FN:366,(anonymous_16)
FN:380,(anonymous_17)
FN:385,(anonymous_18)
FNF:19
FNH:0
FNDA:0,(anonymous_0)
FNDA:0,(anonymous_1)
FNDA:0,(anonymous_2)
FNDA:0,(anonymous_3)
FNDA:0,(anonymous_4)
FNDA:0,(anonymous_5)
FNDA:0,(anonymous_6)
FNDA:0,(anonymous_7)
FNDA:0,(anonymous_8)
FNDA:0,(anonymous_9)
FNDA:0,(anonymous_10)
FNDA:0,(anonymous_11)
FNDA:0,(anonymous_12)
FNDA:0,(anonymous_13)
FNDA:0,(anonymous_14)
FNDA:0,(anonymous_15)
FNDA:0,(anonymous_16)
FNDA:0,(anonymous_17)
FNDA:0,(anonymous_18)
DA:1,0
DA:2,0
DA:3,0
DA:4,0
DA:5,0
DA:7,0
DA:8,0
DA:12,0
DA:13,0
DA:14,0
DA:16,0
DA:19,0
DA:20,0
DA:21,0
DA:23,0
DA:24,0
DA:25,0
DA:26,0
DA:27,0
DA:31,0
DA:36,0
DA:40,0
DA:41,0
DA:42,0
DA:43,0
DA:46,0
DA:47,0
DA:51,0
DA:52,0
DA:59,0
DA:60,0
DA:61,0
DA:63,0
DA:64,0
DA:65,0
DA:66,0
DA:70,0
DA:71,0
DA:72,0
DA:74,0
DA:75,0
DA:76,0
DA:77,0
DA:80,0
DA:81,0
DA:82,0
DA:92,0
DA:94,0
DA:95,0
DA:99,0
DA:100,0
DA:102,0
DA:105,0
DA:112,0
DA:113,0
DA:114,0
DA:116,0
DA:121,0
DA:123,0
DA:127,0
DA:128,0
DA:131,0
DA:132,0
DA:133,0
DA:136,0
DA:139,0
DA:140,0
DA:141,0
DA:142,0
DA:143,0
DA:150,0
DA:152,0
DA:153,0
DA:155,0
DA:158,0
DA:162,0
DA:163,0
DA:166,0
DA:167,0
DA:168,0
DA:172,0
DA:173,0
DA:176,0
DA:177,0
DA:178,0
DA:179,0
DA:180,0
DA:187,0
DA:188,0
DA:189,0
DA:191,0
DA:194,0
DA:199,0
DA:201,0
DA:202,0
DA:203,0
DA:206,0
DA:208,0
DA:209,0
DA:211,0
DA:215,0
DA:220,0
DA:224,0
DA:225,0
DA:230,0
DA:231,0
DA:239,0
DA:240,0
DA:243,0
DA:244,0
DA:248,0
DA:249,0
DA:251,0
DA:253,0
DA:254,0
DA:256,0
DA:258,0
DA:261,0
DA:262,0
DA:263,0
DA:265,0
DA:266,0
DA:270,0
DA:271,0
DA:272,0
DA:276,0
DA:277,0
DA:278,0
DA:279,0
DA:284,0
DA:288,0
DA:289,0
DA:290,0
DA:292,0
DA:293,0
DA:297,0
DA:298,0
DA:299,0
DA:303,0
DA:304,0
DA:305,0
DA:306,0
DA:311,0
DA:315,0
DA:316,0
DA:317,0
DA:319,0
DA:320,0
DA:322,0
DA:323,0
DA:324,0
DA:326,0
DA:331,0
DA:335,0
DA:336,0
DA:337,0
DA:339,0
DA:342,0
DA:343,0
DA:344,0
DA:346,0
DA:347,0
DA:349,0
DA:350,0
DA:351,0
DA:357,0
DA:361,0
DA:362,0
DA:363,0
DA:365,0
DA:366,0
DA:367,0
DA:368,0
DA:369,0
DA:371,0
DA:376,0
DA:380,0
DA:381,0
DA:382,0
DA:384,0
DA:385,0
DA:386,0
DA:387,0
DA:389,0
DA:390,0
DA:392,0
DA:393,0
DA:394,0
DA:399,0
LF:189
LH:0
BRDA:16,0,0,0
BRDA:16,0,1,0
BRDA:20,1,0,0
BRDA:20,1,1,0
BRDA:20,2,0,0
BRDA:20,2,1,0
BRDA:20,2,2,0
BRDA:29,3,0,0
BRDA:29,3,1,0
BRDA:46,4,0,0
BRDA:46,4,1,0
BRDA:51,5,0,0
BRDA:51,5,1,0
BRDA:51,6,0,0
BRDA:51,6,1,0
BRDA:59,7,0,0
BRDA:59,7,1,0
BRDA:59,8,0,0
BRDA:59,8,1,0
BRDA:64,9,0,0
BRDA:64,9,1,0
BRDA:64,10,0,0
BRDA:64,10,1,0
BRDA:72,11,0,0
BRDA:72,11,1,0
BRDA:75,12,0,0
BRDA:75,12,1,0
BRDA:80,13,0,0
BRDA:80,13,1,0
BRDA:92,14,0,0
BRDA:92,14,1,0
BRDA:92,15,0,0
BRDA:92,15,1,0
BRDA:99,16,0,0
BRDA:99,16,1,0
BRDA:112,17,0,0
BRDA:112,17,1,0
BRDA:112,18,0,0
BRDA:112,18,1,0
BRDA:113,19,0,0
BRDA:113,19,1,0
BRDA:121,20,0,0
BRDA:121,20,1,0
BRDA:121,21,0,0
BRDA:121,21,1,0
BRDA:127,22,0,0
BRDA:127,22,1,0
BRDA:127,23,0,0
BRDA:127,23,1,0
BRDA:127,23,2,0
BRDA:132,24,0,0
BRDA:132,24,1,0
BRDA:150,25,0,0
BRDA:150,25,1,0
BRDA:153,26,0,0
BRDA:153,26,1,0
BRDA:153,27,0,0
BRDA:153,27,1,0
BRDA:166,28,0,0
BRDA:166,28,1,0
BRDA:172,29,0,0
BRDA:172,29,1,0
BRDA:172,30,0,0
BRDA:172,30,1,0
BRDA:172,30,2,0
BRDA:188,31,0,0
BRDA:188,31,1,0
BRDA:199,32,0,0
BRDA:199,32,1,0
BRDA:199,33,0,0
BRDA:199,33,1,0
BRDA:203,34,0,0
BRDA:203,34,1,0
BRDA:206,35,0,0
BRDA:206,35,1,0
BRDA:209,36,0,0
BRDA:209,36,1,0
BRDA:209,37,0,0
BRDA:209,37,1,0
BRDA:224,38,0,0
BRDA:224,38,1,0
BRDA:224,39,0,0
BRDA:224,39,1,0
BRDA:249,40,0,0
BRDA:249,40,1,0
BRDA:253,41,0,0
BRDA:253,41,1,0
BRDA:265,42,0,0
BRDA:265,42,1,0
BRDA:270,43,0,0
BRDA:270,43,1,0
BRDA:270,44,0,0
BRDA:270,44,1,0
BRDA:270,44,2,0
BRDA:292,45,0,0
BRDA:292,45,1,0
BRDA:297,46,0,0
BRDA:297,46,1,0
BRDA:297,47,0,0
BRDA:297,47,1,0
BRDA:297,47,2,0
BRDA:319,48,0,0
BRDA:319,48,1,0
BRDA:322,49,0,0
BRDA:322,49,1,0
BRDA:322,50,0,0
BRDA:322,50,1,0
BRDA:322,50,2,0
BRDA:339,51,0,0
BRDA:339,51,1,0
BRDA:343,52,0,0
BRDA:343,52,1,0
BRDA:343,53,0,0
BRDA:343,53,1,0
BRDA:343,53,2,0
BRDA:346,54,0,0
BRDA:346,54,1,0
BRDA:365,55,0,0
BRDA:365,55,1,0
BRDA:367,56,0,0
BRDA:367,56,1,0
BRDA:367,57,0,0
BRDA:367,57,1,0
BRDA:367,57,2,0
BRDA:384,58,0,0
BRDA:384,58,1,0
BRDA:386,59,0,0
BRDA:386,59,1,0
BRDA:386,60,0,0
BRDA:386,60,1,0
BRDA:386,61,0,0
BRDA:386,61,1,0
BRDA:387,62,0,0
BRDA:387,62,1,0
BRDA:387,63,0,0
BRDA:387,63,1,0
BRDA:389,64,0,0
BRDA:389,64,1,0
BRDA:389,65,0,0
BRDA:389,65,1,0
BRDA:389,65,2,0
BRDA:389,66,0,0
BRDA:389,66,1,0
BRF:143
BRH:0
end_of_record
TN:
SF:C:\Users\arussell\Documents\Repos\NMDS\server\utils\security\isLocalTest.js
FN:1,(anonymous_0)
FN:7,(anonymous_1)
FNF:2
FNH:0
FNDA:0,(anonymous_0)
FNDA:0,(anonymous_1)
DA:1,0
DA:2,0
DA:3,0
DA:7,0
DA:8,0
DA:9,0
DA:12,0
DA:16,0
LF:8
LH:0
BRDA:8,0,0,0
BRDA:8,0,1,0
BRF:2
BRH:0
end_of_record
TN:
SF:C:\Users\arussell\Documents\Repos\NMDS\server\utils\security\isLocalhost.js
FN:2,(anonymous_0)
FNF:1
FNH:0
FNDA:0,(anonymous_0)
DA:2,0
DA:3,0
DA:5,0
DA:6,0
DA:9,0
LF:5
LH:0
BRDA:5,0,0,0
BRDA:5,0,1,0
BRF:2
BRH:0
end_of_record
TN:
SF:C:\Users\arussell\Documents\Repos\NMDS\server\utils\security\passport.js
FN:10,(anonymous_0)
FN:16,(anonymous_1)
FN:19,(anonymous_2)
FN:20,(anonymous_3)
FNF:4
FNH:0
FNDA:0,(anonymous_0)
FNDA:0,(anonymous_1)
FNDA:0,(anonymous_2)
FNDA:0,(anonymous_3)
DA:1,0
DA:3,0
DA:4,0
DA:7,0
DA:10,0
DA:11,0
DA:12,0
DA:16,0
DA:17,0
DA:19,0
DA:20,0
LF:11
LH:0
BRF:0
BRH:0
end_of_record
TN:
SF:C:\Users\arussell\Documents\Repos\NMDS\server\utils\security\passwordValidation.js
FN:2,(anonymous_0)
FNF:1
FNH:0
FNDA:0,(anonymous_0)
DA:2,0
DA:3,0
DA:5,0
LF:3
LH:0
BRF:0
BRH:0
end_of_record
TN:
SF:C:\Users\arussell\Documents\Repos\NMDS\server\utils\security\usernameValidation.js
FN:2,(anonymous_0)
FNF:1
FNH:0
FNDA:0,(anonymous_0)
DA:2,0
DA:3,0
DA:4,0
LF:3
LH:0
BRF:0
BRH:0
end_of_record
TN:
SF:C:\Users\arussell\Documents\Repos\NMDS\server\utils\slack\slack-logger.js
FN:14,(anonymous_0)
FN:31,(anonymous_1)
FN:44,(anonymous_2)
FN:59,(anonymous_3)
FN:74,(anonymous_4)
FN:89,(anonymous_5)
FNF:6
FNH:0
FNDA:0,(anonymous_0)
FNDA:0,(anonymous_1)
FNDA:0,(anonymous_2)
FNDA:0,(anonymous_3)
FNDA:0,(anonymous_4)
FNDA:0,(anonymous_5)
DA:3,0
DA:4,0
DA:7,0
DA:8,0
DA:9,0
DA:10,0
DA:11,0
DA:14,0
DA:15,0
DA:16,0
DA:26,0
DA:31,0
DA:33,0
DA:34,0
DA:36,0
DA:38,0
DA:39,0
DA:40,0
DA:44,0
DA:45,0
DA:59,0
DA:60,0
DA:74,0
DA:75,0
DA:89,0
DA:90,0
LF:26
LH:0
BRDA:36,0,0,0
BRDA:36,0,1,0
BRDA:38,1,0,0
BRDA:38,1,1,0
BRF:4
BRH:0
end_of_record
